05/08/2024 08:25:36 PM [WARN] [mtl] changing number of GPUs from 4 to 1.
05/08/2024 08:25:36 PM [INFO] featurizing the gcdc corpus: all for task: 3-way-classification with model architecture: mtl
05/08/2024 08:25:37 PM [DEBUG] <<LOADING>> GCDC dataset from directory: /home2/anirudhkaushik/INLP-Project-Team-40/processed_data/GCDC
05/08/2024 08:25:37 PM [DEBUG] working on train dataset 
05/08/2024 08:25:38 PM [DEBUG] <Done>
05/08/2024 08:25:38 PM [DEBUG] working on dev dataset 
05/08/2024 08:25:38 PM [DEBUG] <Done>
05/08/2024 08:25:38 PM [DEBUG] ------------------------------------------------------------
05/08/2024 08:25:38 PM [INFO] post-processing the dataset
05/08/2024 08:25:38 PM [INFO] data preprocessed: 3200, sentences preprocessed: 3200
05/08/2024 08:25:38 PM [INFO] featurizing the datasets..
05/08/2024 08:25:38 PM [DEBUG] 3200 data instance processed. max sent_seq_length: 512
05/08/2024 08:25:40 PM [INFO] post-processing the dataset
05/08/2024 08:25:40 PM [INFO] data preprocessed: 800, sentences preprocessed: 800
05/08/2024 08:25:41 PM [INFO] featurizing the datasets..
05/08/2024 08:25:41 PM [DEBUG] 800 data instance processed. max sent_seq_length: 512
05/08/2024 08:25:41 PM [DEBUG] ------------------------------------------------------------
05/08/2024 08:25:41 PM [INFO] label distribution in train dataset (total count: 3200)
05/08/2024 08:25:41 PM [INFO] {2: 1520, 0: 1047, 1: 633}
05/08/2024 08:25:41 PM [INFO] label distribution in dev dataset (total count: 800)
05/08/2024 08:25:41 PM [INFO] {2: 379, 0: 262, 1: 159}
05/08/2024 08:25:41 PM [DEBUG] ------------------------------------------------------------
05/08/2024 08:25:41 PM [INFO] featurizing the textual entailment corpus for task: 3-way-classification with model architecture: mtl
05/08/2024 08:25:43 PM [DEBUG] <<LOADING>> RTE dataset from directory: /home2/anirudhkaushik/INLP-Project-Team-40/processed_data/RTE
05/08/2024 08:25:43 PM [DEBUG] working on train dataset 
05/08/2024 08:25:43 PM [DEBUG] <Done>
05/08/2024 08:25:43 PM [DEBUG] working on dev dataset 
05/08/2024 08:25:43 PM [DEBUG] <Done>
05/08/2024 08:25:43 PM [DEBUG] ------------------------------------------------------------
05/08/2024 08:25:44 PM [INFO] post-processing the dataset
05/08/2024 08:25:44 PM [INFO] data preprocessed: 2489, sentences preprocessed: 2489
05/08/2024 08:25:44 PM [INFO] featurizing the datasets..
05/08/2024 08:25:44 PM [DEBUG] 2489 data instance processed. max sent_seq_length: 512
05/08/2024 08:25:44 PM [INFO] post-processing the dataset
05/08/2024 08:25:44 PM [INFO] data preprocessed: 277, sentences preprocessed: 277
05/08/2024 08:25:44 PM [INFO] featurizing the datasets..
05/08/2024 08:25:44 PM [DEBUG] 277 data instance processed. max sent_seq_length: 512
05/08/2024 08:25:48 PM [DEBUG] ------------------------------------------------------------
05/08/2024 08:25:48 PM [INFO] label distribution for train textual entailment dataset (total count: 2489)
05/08/2024 08:25:48 PM [INFO] {0: 1240, 1: 1249}
05/08/2024 08:25:48 PM [INFO] label distribution for dev textual entailment dataset (total count: 277)
05/08/2024 08:25:48 PM [INFO] {0: 131, 1: 146}
05/08/2024 08:25:48 PM [DEBUG] ------------------------------------------------------------
05/08/2024 08:25:48 PM [INFO] 
command line argument captured ..
05/08/2024 08:25:48 PM [INFO] ------------------------------------------------------------
05/08/2024 08:25:48 PM [INFO] processed_dataset_path - /home2/anirudhkaushik/INLP-Project-Team-40/processed_data
05/08/2024 08:25:48 PM [INFO] checkpoint_path - /ssd_scratch/cvit/anirudhkaushik/inlp_project_models/
05/08/2024 08:25:48 PM [INFO] gpus - 1
05/08/2024 08:25:48 PM [INFO] epochs - 10
05/08/2024 08:25:48 PM [INFO] batch_size - 2
05/08/2024 08:25:48 PM [INFO] learning_rate - 1e-06
05/08/2024 08:25:48 PM [INFO] clip_grad_norm - 0.0
05/08/2024 08:25:48 PM [INFO] weight_decay - 0.01
05/08/2024 08:25:48 PM [INFO] dropout_rate - 0.1
05/08/2024 08:25:48 PM [INFO] enable_scheduler - False
05/08/2024 08:25:48 PM [INFO] warmup_steps - 0.01
05/08/2024 08:25:48 PM [INFO] margin - 1.0
05/08/2024 08:25:48 PM [INFO] corpus - gcdc
05/08/2024 08:25:48 PM [INFO] sub_corpus - all
05/08/2024 08:25:48 PM [INFO] max_seq_len - 512
05/08/2024 08:25:48 PM [INFO] max_fact_count - 50
05/08/2024 08:25:48 PM [INFO] max_fact_seq_len - 50
05/08/2024 08:25:48 PM [INFO] permutation_count - 20
05/08/2024 08:25:48 PM [INFO] with_replacement - 1
05/08/2024 08:25:48 PM [INFO] train_dataset_count - 5689
05/08/2024 08:25:48 PM [INFO] val_dataset_count - 1077
05/08/2024 08:25:48 PM [INFO] test_dataset_count - None
05/08/2024 08:25:48 PM [INFO] inverse_pra - 0
05/08/2024 08:25:48 PM [INFO] task - 3-way-classification
05/08/2024 08:25:48 PM [INFO] enable_kldiv - False
05/08/2024 08:25:48 PM [INFO] label_smoothing - 0.1
05/08/2024 08:25:48 PM [INFO] inference - False
05/08/2024 08:25:48 PM [INFO] online_mode - 1
05/08/2024 08:25:48 PM [INFO] logger_exp_name - gcdc-All-mtl-vanilla-3-way-classification-roberta-base
05/08/2024 08:25:48 PM [INFO] arch - mtl
05/08/2024 08:25:48 PM [INFO] disable_mtl - 0
05/08/2024 08:25:48 PM [INFO] mtl_base_arch - vanilla
05/08/2024 08:25:48 PM [INFO] model_name - roberta-base
05/08/2024 08:25:48 PM [INFO] tf2_model_name - roberta-base
05/08/2024 08:25:48 PM [INFO] use_pretrained_tf2 - 0
05/08/2024 08:25:48 PM [INFO] sentence_pooling - none
05/08/2024 08:25:48 PM [INFO] freeze_emb_layer - False
05/08/2024 08:25:48 PM [INFO] exp_count - 0
05/08/2024 08:25:48 PM [INFO] fp16 - 0
05/08/2024 08:25:48 PM [INFO] ------------------------------------------------------------
05/08/2024 08:25:48 PM [DEBUG] initiating training process...
05/08/2024 08:25:52 PM [DEBUG] ModelWrapper(
  (doc_encoder): TransformerModel(
    (tf2): RobertaModel(
      (embeddings): RobertaEmbeddings(
        (word_embeddings): Embedding(50265, 768, padding_idx=1)
        (position_embeddings): Embedding(514, 768, padding_idx=1)
        (token_type_embeddings): Embedding(1, 768)
        (LayerNorm): LayerNorm((768,), eps=1e-05, elementwise_affine=True)
        (dropout): Dropout(p=0.1, inplace=False)
      )
      (encoder): RobertaEncoder(
        (layer): ModuleList(
          (0): RobertaLayer(
            (attention): RobertaAttention(
              (self): RobertaSelfAttention(
                (query): Linear(in_features=768, out_features=768, bias=True)
                (key): Linear(in_features=768, out_features=768, bias=True)
                (value): Linear(in_features=768, out_features=768, bias=True)
                (dropout): Dropout(p=0.1, inplace=False)
              )
              (output): RobertaSelfOutput(
                (dense): Linear(in_features=768, out_features=768, bias=True)
                (LayerNorm): LayerNorm((768,), eps=1e-05, elementwise_affine=True)
                (dropout): Dropout(p=0.1, inplace=False)
              )
            )
            (intermediate): RobertaIntermediate(
              (dense): Linear(in_features=768, out_features=3072, bias=True)
            )
            (output): RobertaOutput(
              (dense): Linear(in_features=3072, out_features=768, bias=True)
              (LayerNorm): LayerNorm((768,), eps=1e-05, elementwise_affine=True)
              (dropout): Dropout(p=0.1, inplace=False)
            )
          )
          (1): RobertaLayer(
            (attention): RobertaAttention(
              (self): RobertaSelfAttention(
                (query): Linear(in_features=768, out_features=768, bias=True)
                (key): Linear(in_features=768, out_features=768, bias=True)
                (value): Linear(in_features=768, out_features=768, bias=True)
                (dropout): Dropout(p=0.1, inplace=False)
              )
              (output): RobertaSelfOutput(
                (dense): Linear(in_features=768, out_features=768, bias=True)
                (LayerNorm): LayerNorm((768,), eps=1e-05, elementwise_affine=True)
                (dropout): Dropout(p=0.1, inplace=False)
              )
            )
            (intermediate): RobertaIntermediate(
              (dense): Linear(in_features=768, out_features=3072, bias=True)
            )
            (output): RobertaOutput(
              (dense): Linear(in_features=3072, out_features=768, bias=True)
              (LayerNorm): LayerNorm((768,), eps=1e-05, elementwise_affine=True)
              (dropout): Dropout(p=0.1, inplace=False)
            )
          )
          (2): RobertaLayer(
            (attention): RobertaAttention(
              (self): RobertaSelfAttention(
                (query): Linear(in_features=768, out_features=768, bias=True)
                (key): Linear(in_features=768, out_features=768, bias=True)
                (value): Linear(in_features=768, out_features=768, bias=True)
                (dropout): Dropout(p=0.1, inplace=False)
              )
              (output): RobertaSelfOutput(
                (dense): Linear(in_features=768, out_features=768, bias=True)
                (LayerNorm): LayerNorm((768,), eps=1e-05, elementwise_affine=True)
                (dropout): Dropout(p=0.1, inplace=False)
              )
            )
            (intermediate): RobertaIntermediate(
              (dense): Linear(in_features=768, out_features=3072, bias=True)
            )
            (output): RobertaOutput(
              (dense): Linear(in_features=3072, out_features=768, bias=True)
              (LayerNorm): LayerNorm((768,), eps=1e-05, elementwise_affine=True)
              (dropout): Dropout(p=0.1, inplace=False)
            )
          )
          (3): RobertaLayer(
            (attention): RobertaAttention(
              (self): RobertaSelfAttention(
                (query): Linear(in_features=768, out_features=768, bias=True)
                (key): Linear(in_features=768, out_features=768, bias=True)
                (value): Linear(in_features=768, out_features=768, bias=True)
                (dropout): Dropout(p=0.1, inplace=False)
              )
              (output): RobertaSelfOutput(
                (dense): Linear(in_features=768, out_features=768, bias=True)
                (LayerNorm): LayerNorm((768,), eps=1e-05, elementwise_affine=True)
                (dropout): Dropout(p=0.1, inplace=False)
              )
            )
            (intermediate): RobertaIntermediate(
              (dense): Linear(in_features=768, out_features=3072, bias=True)
            )
            (output): RobertaOutput(
              (dense): Linear(in_features=3072, out_features=768, bias=True)
              (LayerNorm): LayerNorm((768,), eps=1e-05, elementwise_affine=True)
              (dropout): Dropout(p=0.1, inplace=False)
            )
          )
          (4): RobertaLayer(
            (attention): RobertaAttention(
              (self): RobertaSelfAttention(
                (query): Linear(in_features=768, out_features=768, bias=True)
                (key): Linear(in_features=768, out_features=768, bias=True)
                (value): Linear(in_features=768, out_features=768, bias=True)
                (dropout): Dropout(p=0.1, inplace=False)
              )
              (output): RobertaSelfOutput(
                (dense): Linear(in_features=768, out_features=768, bias=True)
                (LayerNorm): LayerNorm((768,), eps=1e-05, elementwise_affine=True)
                (dropout): Dropout(p=0.1, inplace=False)
              )
            )
            (intermediate): RobertaIntermediate(
              (dense): Linear(in_features=768, out_features=3072, bias=True)
            )
            (output): RobertaOutput(
              (dense): Linear(in_features=3072, out_features=768, bias=True)
              (LayerNorm): LayerNorm((768,), eps=1e-05, elementwise_affine=True)
              (dropout): Dropout(p=0.1, inplace=False)
            )
          )
          (5): RobertaLayer(
            (attention): RobertaAttention(
              (self): RobertaSelfAttention(
                (query): Linear(in_features=768, out_features=768, bias=True)
                (key): Linear(in_features=768, out_features=768, bias=True)
                (value): Linear(in_features=768, out_features=768, bias=True)
                (dropout): Dropout(p=0.1, inplace=False)
              )
              (output): RobertaSelfOutput(
                (dense): Linear(in_features=768, out_features=768, bias=True)
                (LayerNorm): LayerNorm((768,), eps=1e-05, elementwise_affine=True)
                (dropout): Dropout(p=0.1, inplace=False)
              )
            )
            (intermediate): RobertaIntermediate(
              (dense): Linear(in_features=768, out_features=3072, bias=True)
            )
            (output): RobertaOutput(
              (dense): Linear(in_features=3072, out_features=768, bias=True)
              (LayerNorm): LayerNorm((768,), eps=1e-05, elementwise_affine=True)
              (dropout): Dropout(p=0.1, inplace=False)
            )
          )
          (6): RobertaLayer(
            (attention): RobertaAttention(
              (self): RobertaSelfAttention(
                (query): Linear(in_features=768, out_features=768, bias=True)
                (key): Linear(in_features=768, out_features=768, bias=True)
                (value): Linear(in_features=768, out_features=768, bias=True)
                (dropout): Dropout(p=0.1, inplace=False)
              )
              (output): RobertaSelfOutput(
                (dense): Linear(in_features=768, out_features=768, bias=True)
                (LayerNorm): LayerNorm((768,), eps=1e-05, elementwise_affine=True)
                (dropout): Dropout(p=0.1, inplace=False)
              )
            )
            (intermediate): RobertaIntermediate(
              (dense): Linear(in_features=768, out_features=3072, bias=True)
            )
            (output): RobertaOutput(
              (dense): Linear(in_features=3072, out_features=768, bias=True)
              (LayerNorm): LayerNorm((768,), eps=1e-05, elementwise_affine=True)
              (dropout): Dropout(p=0.1, inplace=False)
            )
          )
          (7): RobertaLayer(
            (attention): RobertaAttention(
              (self): RobertaSelfAttention(
                (query): Linear(in_features=768, out_features=768, bias=True)
                (key): Linear(in_features=768, out_features=768, bias=True)
                (value): Linear(in_features=768, out_features=768, bias=True)
                (dropout): Dropout(p=0.1, inplace=False)
              )
              (output): RobertaSelfOutput(
                (dense): Linear(in_features=768, out_features=768, bias=True)
                (LayerNorm): LayerNorm((768,), eps=1e-05, elementwise_affine=True)
                (dropout): Dropout(p=0.1, inplace=False)
              )
            )
            (intermediate): RobertaIntermediate(
              (dense): Linear(in_features=768, out_features=3072, bias=True)
            )
            (output): RobertaOutput(
              (dense): Linear(in_features=3072, out_features=768, bias=True)
              (LayerNorm): LayerNorm((768,), eps=1e-05, elementwise_affine=True)
              (dropout): Dropout(p=0.1, inplace=False)
            )
          )
          (8): RobertaLayer(
            (attention): RobertaAttention(
              (self): RobertaSelfAttention(
                (query): Linear(in_features=768, out_features=768, bias=True)
                (key): Linear(in_features=768, out_features=768, bias=True)
                (value): Linear(in_features=768, out_features=768, bias=True)
                (dropout): Dropout(p=0.1, inplace=False)
              )
              (output): RobertaSelfOutput(
                (dense): Linear(in_features=768, out_features=768, bias=True)
                (LayerNorm): LayerNorm((768,), eps=1e-05, elementwise_affine=True)
                (dropout): Dropout(p=0.1, inplace=False)
              )
            )
            (intermediate): RobertaIntermediate(
              (dense): Linear(in_features=768, out_features=3072, bias=True)
            )
            (output): RobertaOutput(
              (dense): Linear(in_features=3072, out_features=768, bias=True)
              (LayerNorm): LayerNorm((768,), eps=1e-05, elementwise_affine=True)
              (dropout): Dropout(p=0.1, inplace=False)
            )
          )
          (9): RobertaLayer(
            (attention): RobertaAttention(
              (self): RobertaSelfAttention(
                (query): Linear(in_features=768, out_features=768, bias=True)
                (key): Linear(in_features=768, out_features=768, bias=True)
                (value): Linear(in_features=768, out_features=768, bias=True)
                (dropout): Dropout(p=0.1, inplace=False)
              )
              (output): RobertaSelfOutput(
                (dense): Linear(in_features=768, out_features=768, bias=True)
                (LayerNorm): LayerNorm((768,), eps=1e-05, elementwise_affine=True)
                (dropout): Dropout(p=0.1, inplace=False)
              )
            )
            (intermediate): RobertaIntermediate(
              (dense): Linear(in_features=768, out_features=3072, bias=True)
            )
            (output): RobertaOutput(
              (dense): Linear(in_features=3072, out_features=768, bias=True)
              (LayerNorm): LayerNorm((768,), eps=1e-05, elementwise_affine=True)
              (dropout): Dropout(p=0.1, inplace=False)
            )
          )
          (10): RobertaLayer(
            (attention): RobertaAttention(
              (self): RobertaSelfAttention(
                (query): Linear(in_features=768, out_features=768, bias=True)
                (key): Linear(in_features=768, out_features=768, bias=True)
                (value): Linear(in_features=768, out_features=768, bias=True)
                (dropout): Dropout(p=0.1, inplace=False)
              )
              (output): RobertaSelfOutput(
                (dense): Linear(in_features=768, out_features=768, bias=True)
                (LayerNorm): LayerNorm((768,), eps=1e-05, elementwise_affine=True)
                (dropout): Dropout(p=0.1, inplace=False)
              )
            )
            (intermediate): RobertaIntermediate(
              (dense): Linear(in_features=768, out_features=3072, bias=True)
            )
            (output): RobertaOutput(
              (dense): Linear(in_features=3072, out_features=768, bias=True)
              (LayerNorm): LayerNorm((768,), eps=1e-05, elementwise_affine=True)
              (dropout): Dropout(p=0.1, inplace=False)
            )
          )
          (11): RobertaLayer(
            (attention): RobertaAttention(
              (self): RobertaSelfAttention(
                (query): Linear(in_features=768, out_features=768, bias=True)
                (key): Linear(in_features=768, out_features=768, bias=True)
                (value): Linear(in_features=768, out_features=768, bias=True)
                (dropout): Dropout(p=0.1, inplace=False)
              )
              (output): RobertaSelfOutput(
                (dense): Linear(in_features=768, out_features=768, bias=True)
                (LayerNorm): LayerNorm((768,), eps=1e-05, elementwise_affine=True)
                (dropout): Dropout(p=0.1, inplace=False)
              )
            )
            (intermediate): RobertaIntermediate(
              (dense): Linear(in_features=768, out_features=3072, bias=True)
            )
            (output): RobertaOutput(
              (dense): Linear(in_features=3072, out_features=768, bias=True)
              (LayerNorm): LayerNorm((768,), eps=1e-05, elementwise_affine=True)
              (dropout): Dropout(p=0.1, inplace=False)
            )
          )
        )
      )
    )
  )
  (task_head): TexClassificationHead(
    (dense): Linear(in_features=768, out_features=768, bias=True)
    (dropout): Dropout(p=0.1, inplace=False)
    (out_proj): Linear(in_features=768, out_features=3, bias=True)
  )
  (train_metric): Accuracy()
  (val_metric): Accuracy()
  (test_metric): Accuracy()
  (te_task_head): TexClassificationHead(
    (dense): Linear(in_features=768, out_features=768, bias=True)
    (dropout): Dropout(p=0.1, inplace=False)
    (out_proj): Linear(in_features=768, out_features=2, bias=True)
  )
  (te_train_metric): Accuracy()
  (te_val_metric): Accuracy()
)
05/08/2024 08:25:52 PM [INFO] Model has 125240069 trainable parameters
05/08/2024 08:25:57 PM [DEBUG] about to start training loop...
05/08/2024 08:26:00 PM [INFO] epoch : 0 - average_val_loss : 1.132502, overall_val_acc : 0.250000
05/08/2024 08:31:58 PM [INFO] epoch : 0 - average_val_loss : 1.214775, overall_val_acc : 0.571250
05/08/2024 08:31:58 PM [INFO] epoch : 0 - average_val_te_loss : 0.692141, overall_val_te_acc : 0.527076
05/08/2024 08:32:01 PM [INFO] epoch : 0 - average_train_loss : 1.319165, overall_train_acc : 0.474375
05/08/2024 08:32:01 PM [INFO] epoch : 0 - average_train_te_loss : 0.694469, overall_train_te_acc : 0.510245
05/08/2024 08:37:58 PM [INFO] epoch : 1 - average_val_loss : 1.172480, overall_val_acc : 0.608750
05/08/2024 08:37:58 PM [INFO] epoch : 1 - average_val_te_loss : 0.655968, overall_val_te_acc : 0.620939
05/08/2024 08:38:00 PM [INFO] epoch : 1 - average_train_loss : 1.171558, overall_train_acc : 0.616562
05/08/2024 08:38:00 PM [INFO] epoch : 1 - average_train_te_loss : 0.677192, overall_train_te_acc : 0.573323
05/08/2024 08:43:51 PM [INFO] epoch : 2 - average_val_loss : 1.196799, overall_val_acc : 0.605000
05/08/2024 08:43:51 PM [INFO] epoch : 2 - average_val_te_loss : 0.610235, overall_val_te_acc : 0.682310
05/08/2024 08:43:51 PM [INFO] epoch : 2 - average_train_loss : 1.081893, overall_train_acc : 0.657812
05/08/2024 08:43:51 PM [INFO] epoch : 2 - average_train_te_loss : 0.623238, overall_train_te_acc : 0.662515
05/08/2024 08:49:37 PM [INFO] epoch : 3 - average_val_loss : 1.155779, overall_val_acc : 0.625000
05/08/2024 08:49:37 PM [INFO] epoch : 3 - average_val_te_loss : 0.554458, overall_val_te_acc : 0.711191
05/08/2024 08:49:39 PM [INFO] epoch : 3 - average_train_loss : 0.989165, overall_train_acc : 0.671250
05/08/2024 08:49:39 PM [INFO] epoch : 3 - average_train_te_loss : 0.559293, overall_train_te_acc : 0.719968
05/08/2024 08:55:29 PM [INFO] epoch : 4 - average_val_loss : 1.439376, overall_val_acc : 0.582500
05/08/2024 08:55:29 PM [INFO] epoch : 4 - average_val_te_loss : 0.634335, overall_val_te_acc : 0.678700
05/08/2024 08:55:29 PM [INFO] epoch : 4 - average_train_loss : 0.922087, overall_train_acc : 0.688750
05/08/2024 08:55:29 PM [INFO] epoch : 4 - average_train_te_loss : 0.487011, overall_train_te_acc : 0.772599
05/08/2024 09:01:06 PM [INFO] epoch : 5 - average_val_loss : 1.117656, overall_val_acc : 0.617500
05/08/2024 09:01:06 PM [INFO] epoch : 5 - average_val_te_loss : 0.548812, overall_val_te_acc : 0.743682
05/08/2024 09:01:06 PM [INFO] epoch : 5 - average_train_loss : 0.854097, overall_train_acc : 0.699687
05/08/2024 09:01:06 PM [INFO] epoch : 5 - average_train_te_loss : 0.427513, overall_train_te_acc : 0.817999
05/08/2024 09:06:52 PM [INFO] epoch : 6 - average_val_loss : 1.482719, overall_val_acc : 0.580000
05/08/2024 09:06:52 PM [INFO] epoch : 6 - average_val_te_loss : 0.608060, overall_val_te_acc : 0.732852
05/08/2024 09:06:52 PM [INFO] epoch : 6 - average_train_loss : 0.775957, overall_train_acc : 0.721250
05/08/2024 09:06:52 PM [INFO] epoch : 6 - average_train_te_loss : 0.356455, overall_train_te_acc : 0.853757
05/08/2024 09:12:37 PM [INFO] epoch : 7 - average_val_loss : 1.534170, overall_val_acc : 0.595000
05/08/2024 09:12:37 PM [INFO] epoch : 7 - average_val_te_loss : 0.726379, overall_val_te_acc : 0.722022
05/08/2024 09:12:37 PM [INFO] epoch : 7 - average_train_loss : 0.690843, overall_train_acc : 0.746875
05/08/2024 09:12:37 PM [INFO] epoch : 7 - average_train_te_loss : 0.289976, overall_train_te_acc : 0.887103
05/08/2024 09:18:29 PM [INFO] epoch : 8 - average_val_loss : 1.415728, overall_val_acc : 0.600000
05/08/2024 09:18:29 PM [INFO] epoch : 8 - average_val_te_loss : 0.745721, overall_val_te_acc : 0.743682
05/08/2024 09:18:29 PM [INFO] epoch : 8 - average_train_loss : 0.646489, overall_train_acc : 0.760000
05/08/2024 09:18:29 PM [INFO] epoch : 8 - average_train_te_loss : 0.252988, overall_train_te_acc : 0.900362
05/08/2024 09:24:09 PM [INFO] epoch : 9 - average_val_loss : 1.653099, overall_val_acc : 0.585000
05/08/2024 09:24:09 PM [INFO] epoch : 9 - average_val_te_loss : 0.821166, overall_val_te_acc : 0.714801
05/08/2024 09:24:09 PM [INFO] epoch : 9 - average_train_loss : 0.566944, overall_train_acc : 0.778125
05/08/2024 09:24:09 PM [INFO] epoch : 9 - average_train_te_loss : 0.186731, overall_train_te_acc : 0.939735
05/08/2024 09:24:10 PM [DEBUG] training done.
