05/08/2024 04:18:58 PM [INFO] featurizing the gcdc corpus: Yelp for task: sentence-ordering with model architecture: hierarchical
05/08/2024 04:18:59 PM [DEBUG] <<LOADING>> GCDC dataset from directory: /home2/anirudhkaushik/nlp_project/processed_data/GCDC
05/08/2024 04:18:59 PM [DEBUG] working on test dataset 
05/08/2024 04:18:59 PM [DEBUG] <Done>
05/08/2024 04:18:59 PM [DEBUG] ------------------------------------------------------------
05/08/2024 04:18:59 PM [INFO] single sentence doc count: 0, total doc count: 200, obtained permutation dataset count: 4000
05/08/2024 04:18:59 PM [INFO] post-processing the dataset
05/08/2024 04:18:59 PM [INFO] data preprocessed: 4000, sentences preprocessed: 8000
05/08/2024 04:19:00 PM [INFO] featurizing the datasets..
05/08/2024 04:19:00 PM [DEBUG] 4000 data instance processed. max sent_seq_length: 512
05/08/2024 04:19:03 PM [DEBUG] ------------------------------------------------------------
05/08/2024 04:19:03 PM [INFO] label distribution in test dataset (total count: 4000)
05/08/2024 04:19:03 PM [INFO] {1: 2000, -1: 2000}
05/08/2024 04:19:03 PM [DEBUG] ------------------------------------------------------------
05/08/2024 04:19:12 PM [INFO] 
command line argument captured ..
05/08/2024 04:19:12 PM [INFO] ------------------------------------------------------------
05/08/2024 04:19:12 PM [INFO] processed_dataset_path - /home2/anirudhkaushik/nlp_project/processed_data
05/08/2024 04:19:12 PM [INFO] checkpoint_path - /ssd_scratch/cvit/anirudhkaushik/model_hierarichal.ckpt
05/08/2024 04:19:12 PM [INFO] gpus - 1
05/08/2024 04:19:12 PM [INFO] epochs - 10
05/08/2024 04:19:12 PM [INFO] batch_size - 2
05/08/2024 04:19:12 PM [INFO] learning_rate - 1e-06
05/08/2024 04:19:12 PM [INFO] clip_grad_norm - 0.0
05/08/2024 04:19:12 PM [INFO] weight_decay - 0.01
05/08/2024 04:19:12 PM [INFO] dropout_rate - 0.1
05/08/2024 04:19:12 PM [INFO] enable_scheduler - False
05/08/2024 04:19:12 PM [INFO] warmup_steps - 0.01
05/08/2024 04:19:12 PM [INFO] margin - 1.0
05/08/2024 04:19:12 PM [INFO] corpus - gcdc
05/08/2024 04:19:12 PM [INFO] sub_corpus - Yelp
05/08/2024 04:19:12 PM [INFO] max_seq_len - 512
05/08/2024 04:19:12 PM [INFO] max_fact_count - 50
05/08/2024 04:19:12 PM [INFO] max_fact_seq_len - 50
05/08/2024 04:19:12 PM [INFO] permutation_count - 20
05/08/2024 04:19:12 PM [INFO] with_replacement - 1
05/08/2024 04:19:12 PM [INFO] train_dataset_count - None
05/08/2024 04:19:12 PM [INFO] val_dataset_count - None
05/08/2024 04:19:12 PM [INFO] test_dataset_count - 4000
05/08/2024 04:19:12 PM [INFO] inverse_pra - 0
05/08/2024 04:19:12 PM [INFO] task - sentence-ordering
05/08/2024 04:19:12 PM [INFO] enable_kldiv - False
05/08/2024 04:19:12 PM [INFO] label_smoothing - 0.1
05/08/2024 04:19:12 PM [INFO] inference - True
05/08/2024 04:19:12 PM [INFO] online_mode - 0
05/08/2024 04:19:12 PM [INFO] logger_exp_name - gcdc-Yelp-hierarchical-sentence-ordering-roberta-base
05/08/2024 04:19:12 PM [INFO] arch - hierarchical
05/08/2024 04:19:12 PM [INFO] disable_mtl - 0
05/08/2024 04:19:12 PM [INFO] mtl_base_arch - vanilla
05/08/2024 04:19:12 PM [INFO] model_name - roberta-base
05/08/2024 04:19:12 PM [INFO] tf2_model_name - roberta-base
05/08/2024 04:19:12 PM [INFO] use_pretrained_tf2 - 0
05/08/2024 04:19:12 PM [INFO] sentence_pooling - none
05/08/2024 04:19:12 PM [INFO] freeze_emb_layer - True
05/08/2024 04:19:12 PM [INFO] exp_count - 0
05/08/2024 04:19:12 PM [INFO] fp16 - 0
05/08/2024 04:19:12 PM [INFO] ------------------------------------------------------------
05/08/2024 04:19:12 PM [DEBUG] initiating inference process...
05/08/2024 04:19:37 PM [INFO] frozed embedding layer
05/08/2024 04:36:02 PM [INFO] featurizing the gcdc corpus: Yelp for task: sentence-ordering with model architecture: hierarchical
05/08/2024 04:36:03 PM [DEBUG] <<LOADING>> GCDC dataset from directory: /home2/anirudhkaushik/nlp_project/processed_data/GCDC
05/08/2024 04:36:03 PM [DEBUG] working on test dataset 
05/08/2024 04:36:03 PM [DEBUG] <Done>
05/08/2024 04:36:03 PM [DEBUG] ------------------------------------------------------------
05/08/2024 04:36:03 PM [INFO] single sentence doc count: 0, total doc count: 200, obtained permutation dataset count: 4000
05/08/2024 04:36:03 PM [INFO] post-processing the dataset
05/08/2024 04:36:03 PM [INFO] data preprocessed: 4000, sentences preprocessed: 8000
05/08/2024 04:36:04 PM [INFO] featurizing the datasets..
05/08/2024 04:36:04 PM [DEBUG] 4000 data instance processed. max sent_seq_length: 512
05/08/2024 04:36:07 PM [DEBUG] ------------------------------------------------------------
05/08/2024 04:36:07 PM [INFO] label distribution in test dataset (total count: 4000)
05/08/2024 04:36:07 PM [INFO] {1: 2000, -1: 2000}
05/08/2024 04:36:07 PM [DEBUG] ------------------------------------------------------------
05/08/2024 04:36:16 PM [INFO] 
command line argument captured ..
05/08/2024 04:36:16 PM [INFO] ------------------------------------------------------------
05/08/2024 04:36:16 PM [INFO] processed_dataset_path - /home2/anirudhkaushik/nlp_project/processed_data
05/08/2024 04:36:16 PM [INFO] checkpoint_path - /ssd_scratch/cvit/anirudhkaushik/model_hierarichal.ckpt
05/08/2024 04:36:16 PM [INFO] gpus - 1
05/08/2024 04:36:16 PM [INFO] epochs - 10
05/08/2024 04:36:16 PM [INFO] batch_size - 2
05/08/2024 04:36:16 PM [INFO] learning_rate - 1e-06
05/08/2024 04:36:16 PM [INFO] clip_grad_norm - 0.0
05/08/2024 04:36:16 PM [INFO] weight_decay - 0.01
05/08/2024 04:36:16 PM [INFO] dropout_rate - 0.1
05/08/2024 04:36:16 PM [INFO] enable_scheduler - False
05/08/2024 04:36:16 PM [INFO] warmup_steps - 0.01
05/08/2024 04:36:16 PM [INFO] margin - 1.0
05/08/2024 04:36:16 PM [INFO] corpus - gcdc
05/08/2024 04:36:16 PM [INFO] sub_corpus - Yelp
05/08/2024 04:36:16 PM [INFO] max_seq_len - 512
05/08/2024 04:36:16 PM [INFO] max_fact_count - 50
05/08/2024 04:36:16 PM [INFO] max_fact_seq_len - 50
05/08/2024 04:36:16 PM [INFO] permutation_count - 20
05/08/2024 04:36:16 PM [INFO] with_replacement - 1
05/08/2024 04:36:16 PM [INFO] train_dataset_count - None
05/08/2024 04:36:16 PM [INFO] val_dataset_count - None
05/08/2024 04:36:16 PM [INFO] test_dataset_count - 4000
05/08/2024 04:36:16 PM [INFO] inverse_pra - 0
05/08/2024 04:36:16 PM [INFO] task - sentence-ordering
05/08/2024 04:36:16 PM [INFO] enable_kldiv - False
05/08/2024 04:36:16 PM [INFO] label_smoothing - 0.1
05/08/2024 04:36:16 PM [INFO] inference - True
05/08/2024 04:36:16 PM [INFO] online_mode - 0
05/08/2024 04:36:16 PM [INFO] logger_exp_name - gcdc-Yelp-hierarchical-sentence-ordering-roberta-base
05/08/2024 04:36:16 PM [INFO] arch - hierarchical
05/08/2024 04:36:16 PM [INFO] disable_mtl - 0
05/08/2024 04:36:16 PM [INFO] mtl_base_arch - vanilla
05/08/2024 04:36:16 PM [INFO] model_name - roberta-base
05/08/2024 04:36:16 PM [INFO] tf2_model_name - roberta-base
05/08/2024 04:36:16 PM [INFO] use_pretrained_tf2 - 0
05/08/2024 04:36:16 PM [INFO] sentence_pooling - none
05/08/2024 04:36:16 PM [INFO] freeze_emb_layer - True
05/08/2024 04:36:16 PM [INFO] exp_count - 0
05/08/2024 04:36:16 PM [INFO] fp16 - 0
05/08/2024 04:36:16 PM [INFO] ------------------------------------------------------------
05/08/2024 04:36:16 PM [DEBUG] initiating inference process...
05/08/2024 04:36:20 PM [INFO] frozed embedding layer
05/08/2024 04:45:41 PM [INFO] featurizing the gcdc corpus: Yelp for task: sentence-ordering with model architecture: hierarchical
05/08/2024 04:45:42 PM [DEBUG] <<LOADING>> GCDC dataset from directory: /home2/anirudhkaushik/nlp_project/processed_data/GCDC
05/08/2024 04:45:42 PM [DEBUG] working on test dataset 
05/08/2024 04:45:42 PM [DEBUG] <Done>
05/08/2024 04:45:42 PM [DEBUG] ------------------------------------------------------------
05/08/2024 04:45:42 PM [INFO] single sentence doc count: 0, total doc count: 200, obtained permutation dataset count: 4000
05/08/2024 04:45:42 PM [INFO] post-processing the dataset
05/08/2024 04:45:42 PM [INFO] data preprocessed: 4000, sentences preprocessed: 8000
05/08/2024 04:45:43 PM [INFO] featurizing the datasets..
05/08/2024 04:45:43 PM [DEBUG] 4000 data instance processed. max sent_seq_length: 512
05/08/2024 04:45:47 PM [DEBUG] ------------------------------------------------------------
05/08/2024 04:45:47 PM [INFO] label distribution in test dataset (total count: 4000)
05/08/2024 04:45:47 PM [INFO] {1: 2000, -1: 2000}
05/08/2024 04:45:47 PM [DEBUG] ------------------------------------------------------------
05/08/2024 04:45:55 PM [INFO] 
command line argument captured ..
05/08/2024 04:45:55 PM [INFO] ------------------------------------------------------------
05/08/2024 04:45:55 PM [INFO] processed_dataset_path - /home2/anirudhkaushik/nlp_project/processed_data
05/08/2024 04:45:55 PM [INFO] checkpoint_path - /ssd_scratch/cvit/anirudhkaushik/model_hierarchical.ckpt
05/08/2024 04:45:55 PM [INFO] gpus - 1
05/08/2024 04:45:55 PM [INFO] epochs - 10
05/08/2024 04:45:55 PM [INFO] batch_size - 2
05/08/2024 04:45:55 PM [INFO] learning_rate - 1e-06
05/08/2024 04:45:55 PM [INFO] clip_grad_norm - 0.0
05/08/2024 04:45:55 PM [INFO] weight_decay - 0.01
05/08/2024 04:45:55 PM [INFO] dropout_rate - 0.1
05/08/2024 04:45:55 PM [INFO] enable_scheduler - False
05/08/2024 04:45:55 PM [INFO] warmup_steps - 0.01
05/08/2024 04:45:55 PM [INFO] margin - 1.0
05/08/2024 04:45:55 PM [INFO] corpus - gcdc
05/08/2024 04:45:55 PM [INFO] sub_corpus - Yelp
05/08/2024 04:45:55 PM [INFO] max_seq_len - 512
05/08/2024 04:45:55 PM [INFO] max_fact_count - 50
05/08/2024 04:45:55 PM [INFO] max_fact_seq_len - 50
05/08/2024 04:45:55 PM [INFO] permutation_count - 20
05/08/2024 04:45:55 PM [INFO] with_replacement - 1
05/08/2024 04:45:55 PM [INFO] train_dataset_count - None
05/08/2024 04:45:55 PM [INFO] val_dataset_count - None
05/08/2024 04:45:55 PM [INFO] test_dataset_count - 4000
05/08/2024 04:45:55 PM [INFO] inverse_pra - 0
05/08/2024 04:45:55 PM [INFO] task - sentence-ordering
05/08/2024 04:45:55 PM [INFO] enable_kldiv - False
05/08/2024 04:45:55 PM [INFO] label_smoothing - 0.1
05/08/2024 04:45:55 PM [INFO] inference - True
05/08/2024 04:45:55 PM [INFO] online_mode - 0
05/08/2024 04:45:55 PM [INFO] logger_exp_name - gcdc-Yelp-hierarchical-sentence-ordering-roberta-base
05/08/2024 04:45:55 PM [INFO] arch - hierarchical
05/08/2024 04:45:55 PM [INFO] disable_mtl - 0
05/08/2024 04:45:55 PM [INFO] mtl_base_arch - vanilla
05/08/2024 04:45:55 PM [INFO] model_name - roberta-base
05/08/2024 04:45:55 PM [INFO] tf2_model_name - roberta-base
05/08/2024 04:45:55 PM [INFO] use_pretrained_tf2 - 0
05/08/2024 04:45:55 PM [INFO] sentence_pooling - none
05/08/2024 04:45:55 PM [INFO] freeze_emb_layer - True
05/08/2024 04:45:55 PM [INFO] exp_count - 0
05/08/2024 04:45:55 PM [INFO] fp16 - 0
05/08/2024 04:45:55 PM [INFO] ------------------------------------------------------------
05/08/2024 04:45:55 PM [DEBUG] initiating inference process...
05/08/2024 04:45:59 PM [INFO] frozed embedding layer
05/08/2024 04:45:59 PM [DEBUG] loading the model from checkpoint : /ssd_scratch/cvit/anirudhkaushik/model_hierarchical.ckpt
05/08/2024 04:47:39 PM [INFO] featurizing the gcdc corpus: Yelp for task: sentence-ordering with model architecture: hierarchical
05/08/2024 04:47:40 PM [DEBUG] <<LOADING>> GCDC dataset from directory: /home2/anirudhkaushik/nlp_project/processed_data/GCDC
05/08/2024 04:47:40 PM [DEBUG] working on test dataset 
05/08/2024 04:47:40 PM [DEBUG] <Done>
05/08/2024 04:47:40 PM [DEBUG] ------------------------------------------------------------
05/08/2024 04:47:40 PM [INFO] single sentence doc count: 0, total doc count: 200, obtained permutation dataset count: 4000
05/08/2024 04:47:40 PM [INFO] post-processing the dataset
05/08/2024 04:47:40 PM [INFO] data preprocessed: 4000, sentences preprocessed: 8000
05/08/2024 04:47:41 PM [INFO] featurizing the datasets..
05/08/2024 04:47:41 PM [DEBUG] 4000 data instance processed. max sent_seq_length: 512
05/08/2024 04:47:44 PM [DEBUG] ------------------------------------------------------------
05/08/2024 04:47:44 PM [INFO] label distribution in test dataset (total count: 4000)
05/08/2024 04:47:44 PM [INFO] {1: 2000, -1: 2000}
05/08/2024 04:47:44 PM [DEBUG] ------------------------------------------------------------
05/08/2024 04:47:52 PM [INFO] 
command line argument captured ..
05/08/2024 04:47:52 PM [INFO] ------------------------------------------------------------
05/08/2024 04:47:52 PM [INFO] processed_dataset_path - /home2/anirudhkaushik/nlp_project/processed_data
05/08/2024 04:47:52 PM [INFO] checkpoint_path - /ssd_scratch/cvit/anirudhkaushik/model_hierarchical.ckpt
05/08/2024 04:47:52 PM [INFO] gpus - 1
05/08/2024 04:47:52 PM [INFO] epochs - 10
05/08/2024 04:47:52 PM [INFO] batch_size - 2
05/08/2024 04:47:52 PM [INFO] learning_rate - 1e-06
05/08/2024 04:47:52 PM [INFO] clip_grad_norm - 0.0
05/08/2024 04:47:52 PM [INFO] weight_decay - 0.01
05/08/2024 04:47:52 PM [INFO] dropout_rate - 0.1
05/08/2024 04:47:52 PM [INFO] enable_scheduler - False
05/08/2024 04:47:52 PM [INFO] warmup_steps - 0.01
05/08/2024 04:47:52 PM [INFO] margin - 1.0
05/08/2024 04:47:52 PM [INFO] corpus - gcdc
05/08/2024 04:47:52 PM [INFO] sub_corpus - Yelp
05/08/2024 04:47:52 PM [INFO] max_seq_len - 512
05/08/2024 04:47:52 PM [INFO] max_fact_count - 50
05/08/2024 04:47:52 PM [INFO] max_fact_seq_len - 50
05/08/2024 04:47:52 PM [INFO] permutation_count - 20
05/08/2024 04:47:52 PM [INFO] with_replacement - 1
05/08/2024 04:47:52 PM [INFO] train_dataset_count - None
05/08/2024 04:47:52 PM [INFO] val_dataset_count - None
05/08/2024 04:47:52 PM [INFO] test_dataset_count - 4000
05/08/2024 04:47:52 PM [INFO] inverse_pra - 0
05/08/2024 04:47:52 PM [INFO] task - sentence-ordering
05/08/2024 04:47:52 PM [INFO] enable_kldiv - False
05/08/2024 04:47:52 PM [INFO] label_smoothing - 0.1
05/08/2024 04:47:52 PM [INFO] inference - True
05/08/2024 04:47:52 PM [INFO] online_mode - 0
05/08/2024 04:47:52 PM [INFO] logger_exp_name - gcdc-Yelp-hierarchical-sentence-ordering-roberta-base
05/08/2024 04:47:52 PM [INFO] arch - hierarchical
05/08/2024 04:47:52 PM [INFO] disable_mtl - 0
05/08/2024 04:47:52 PM [INFO] mtl_base_arch - vanilla
05/08/2024 04:47:52 PM [INFO] model_name - roberta-base
05/08/2024 04:47:52 PM [INFO] tf2_model_name - roberta-base
05/08/2024 04:47:52 PM [INFO] use_pretrained_tf2 - 0
05/08/2024 04:47:52 PM [INFO] sentence_pooling - none
05/08/2024 04:47:52 PM [INFO] freeze_emb_layer - True
05/08/2024 04:47:52 PM [INFO] exp_count - 0
05/08/2024 04:47:52 PM [INFO] fp16 - 0
05/08/2024 04:47:52 PM [INFO] ------------------------------------------------------------
05/08/2024 04:47:52 PM [DEBUG] initiating inference process...
05/08/2024 04:47:57 PM [INFO] frozed embedding layer
05/08/2024 04:47:57 PM [DEBUG] loading the model from checkpoint : /ssd_scratch/cvit/anirudhkaushik/model_hierarchical.ckpt
05/08/2024 05:16:03 PM [INFO] featurizing the gcdc corpus: Yelp for task: sentence-ordering with model architecture: hierarchical
05/08/2024 05:16:04 PM [DEBUG] <<LOADING>> GCDC dataset from directory: /home2/anirudhkaushik/INLP-Project-Team-40/processed_data/GCDC
05/08/2024 05:16:04 PM [DEBUG] working on test dataset 
05/08/2024 05:16:04 PM [DEBUG] <Done>
05/08/2024 05:16:04 PM [DEBUG] ------------------------------------------------------------
05/08/2024 05:16:04 PM [INFO] single sentence doc count: 0, total doc count: 200, obtained permutation dataset count: 4000
05/08/2024 05:16:04 PM [INFO] post-processing the dataset
05/08/2024 05:16:04 PM [INFO] data preprocessed: 4000, sentences preprocessed: 8000
05/08/2024 05:16:05 PM [INFO] featurizing the datasets..
05/08/2024 05:16:05 PM [DEBUG] 4000 data instance processed. max sent_seq_length: 512
05/08/2024 05:16:09 PM [DEBUG] ------------------------------------------------------------
05/08/2024 05:16:09 PM [INFO] label distribution in test dataset (total count: 4000)
05/08/2024 05:16:09 PM [INFO] {1: 2000, -1: 2000}
05/08/2024 05:16:09 PM [DEBUG] ------------------------------------------------------------
05/08/2024 05:16:17 PM [INFO] 
command line argument captured ..
05/08/2024 05:16:17 PM [INFO] ------------------------------------------------------------
05/08/2024 05:16:17 PM [INFO] processed_dataset_path - /home2/anirudhkaushik/INLP-Project-Team-40/processed_data
05/08/2024 05:16:17 PM [INFO] checkpoint_path - /ssd_scratch/cvit/anirudhkaushik/model_hierarchical.ckpt
05/08/2024 05:16:17 PM [INFO] gpus - 1
05/08/2024 05:16:17 PM [INFO] epochs - 10
05/08/2024 05:16:17 PM [INFO] batch_size - 2
05/08/2024 05:16:17 PM [INFO] learning_rate - 1e-06
05/08/2024 05:16:17 PM [INFO] clip_grad_norm - 0.0
05/08/2024 05:16:17 PM [INFO] weight_decay - 0.01
05/08/2024 05:16:17 PM [INFO] dropout_rate - 0.1
05/08/2024 05:16:17 PM [INFO] enable_scheduler - False
05/08/2024 05:16:17 PM [INFO] warmup_steps - 0.01
05/08/2024 05:16:17 PM [INFO] margin - 1.0
05/08/2024 05:16:17 PM [INFO] corpus - gcdc
05/08/2024 05:16:17 PM [INFO] sub_corpus - Yelp
05/08/2024 05:16:17 PM [INFO] max_seq_len - 512
05/08/2024 05:16:17 PM [INFO] max_fact_count - 50
05/08/2024 05:16:17 PM [INFO] max_fact_seq_len - 50
05/08/2024 05:16:17 PM [INFO] permutation_count - 20
05/08/2024 05:16:17 PM [INFO] with_replacement - 1
05/08/2024 05:16:17 PM [INFO] train_dataset_count - None
05/08/2024 05:16:17 PM [INFO] val_dataset_count - None
05/08/2024 05:16:17 PM [INFO] test_dataset_count - 4000
05/08/2024 05:16:17 PM [INFO] inverse_pra - 0
05/08/2024 05:16:17 PM [INFO] task - sentence-ordering
05/08/2024 05:16:17 PM [INFO] enable_kldiv - False
05/08/2024 05:16:17 PM [INFO] label_smoothing - 0.1
05/08/2024 05:16:17 PM [INFO] inference - True
05/08/2024 05:16:17 PM [INFO] online_mode - 0
05/08/2024 05:16:17 PM [INFO] logger_exp_name - gcdc-Yelp-hierarchical-sentence-ordering-roberta-base
05/08/2024 05:16:17 PM [INFO] arch - hierarchical
05/08/2024 05:16:17 PM [INFO] disable_mtl - 0
05/08/2024 05:16:17 PM [INFO] mtl_base_arch - vanilla
05/08/2024 05:16:17 PM [INFO] model_name - roberta-base
05/08/2024 05:16:17 PM [INFO] tf2_model_name - roberta-base
05/08/2024 05:16:17 PM [INFO] use_pretrained_tf2 - 0
05/08/2024 05:16:17 PM [INFO] sentence_pooling - none
05/08/2024 05:16:17 PM [INFO] freeze_emb_layer - True
05/08/2024 05:16:17 PM [INFO] exp_count - 0
05/08/2024 05:16:17 PM [INFO] fp16 - 0
05/08/2024 05:16:17 PM [INFO] ------------------------------------------------------------
05/08/2024 05:16:17 PM [DEBUG] initiating inference process...
05/08/2024 05:16:21 PM [INFO] frozed embedding layer
05/08/2024 05:16:21 PM [DEBUG] loading the model from checkpoint : /ssd_scratch/cvit/anirudhkaushik/model_hierarchical.ckpt
