05/08/2024 09:00:00 PM [INFO] featurizing the gcdc corpus: all for task: minority-classification with model architecture: hierarchical
05/08/2024 09:00:02 PM [DEBUG] <<LOADING>> GCDC dataset from directory: /home2/anirudhkaushik/INLP-Project-Team-40/processed_data/GCDC
05/08/2024 09:00:02 PM [DEBUG] working on train dataset 
05/08/2024 09:00:02 PM [DEBUG] <Done>
05/08/2024 09:00:02 PM [DEBUG] working on dev dataset 
05/08/2024 09:00:02 PM [DEBUG] <Done>
05/08/2024 09:00:02 PM [DEBUG] ------------------------------------------------------------
05/08/2024 09:00:02 PM [INFO] post-processing the dataset
05/08/2024 09:00:02 PM [INFO] data preprocessed: 3200, sentences preprocessed: 3200
05/08/2024 09:00:03 PM [INFO] featurizing the datasets..
05/08/2024 09:00:03 PM [DEBUG] 3200 data instance processed. max sent_seq_length: 512
05/08/2024 09:00:06 PM [INFO] post-processing the dataset
05/08/2024 09:00:06 PM [INFO] data preprocessed: 800, sentences preprocessed: 800
05/08/2024 09:00:06 PM [INFO] featurizing the datasets..
05/08/2024 09:00:06 PM [DEBUG] 800 data instance processed. max sent_seq_length: 512
05/08/2024 09:00:07 PM [DEBUG] ------------------------------------------------------------
05/08/2024 09:00:07 PM [INFO] label distribution in train dataset (total count: 3200)
05/08/2024 09:00:07 PM [INFO] {0: 2561, 1: 639}
05/08/2024 09:00:07 PM [INFO] label distribution in dev dataset (total count: 800)
05/08/2024 09:00:07 PM [INFO] {0: 641, 1: 159}
05/08/2024 09:00:07 PM [DEBUG] ------------------------------------------------------------
05/08/2024 09:00:07 PM [INFO] 
command line argument captured ..
05/08/2024 09:00:07 PM [INFO] ------------------------------------------------------------
05/08/2024 09:00:07 PM [INFO] processed_dataset_path - /home2/anirudhkaushik/INLP-Project-Team-40/processed_data
05/08/2024 09:00:07 PM [INFO] checkpoint_path - /ssd_scratch/cvit/anirudhkaushik/inlp_project_models/
05/08/2024 09:00:07 PM [INFO] gpus - 4
05/08/2024 09:00:07 PM [INFO] epochs - 10
05/08/2024 09:00:07 PM [INFO] batch_size - 2
05/08/2024 09:00:07 PM [INFO] learning_rate - 0.0001
05/08/2024 09:00:07 PM [INFO] clip_grad_norm - 0.0
05/08/2024 09:00:07 PM [INFO] weight_decay - 0.01
05/08/2024 09:00:07 PM [INFO] dropout_rate - 0.1
05/08/2024 09:00:07 PM [INFO] enable_scheduler - False
05/08/2024 09:00:07 PM [INFO] warmup_steps - 0.01
05/08/2024 09:00:07 PM [INFO] margin - 1.0
05/08/2024 09:00:07 PM [INFO] corpus - gcdc
05/08/2024 09:00:07 PM [INFO] sub_corpus - all
05/08/2024 09:00:07 PM [INFO] max_seq_len - 512
05/08/2024 09:00:07 PM [INFO] max_fact_count - 50
05/08/2024 09:00:07 PM [INFO] max_fact_seq_len - 50
05/08/2024 09:00:07 PM [INFO] permutation_count - 20
05/08/2024 09:00:07 PM [INFO] with_replacement - 1
05/08/2024 09:00:07 PM [INFO] train_dataset_count - 3200
05/08/2024 09:00:07 PM [INFO] val_dataset_count - 800
05/08/2024 09:00:07 PM [INFO] test_dataset_count - None
05/08/2024 09:00:07 PM [INFO] inverse_pra - 0
05/08/2024 09:00:07 PM [INFO] task - minority-classification
05/08/2024 09:00:07 PM [INFO] enable_kldiv - False
05/08/2024 09:00:07 PM [INFO] label_smoothing - 0.1
05/08/2024 09:00:07 PM [INFO] inference - False
05/08/2024 09:00:07 PM [INFO] online_mode - 1
05/08/2024 09:00:07 PM [INFO] logger_exp_name - gcdc-All-hierarchical-minority-classification-roberta-base
05/08/2024 09:00:07 PM [INFO] arch - hierarchical
05/08/2024 09:00:07 PM [INFO] disable_mtl - 0
05/08/2024 09:00:07 PM [INFO] mtl_base_arch - vanilla
05/08/2024 09:00:07 PM [INFO] model_name - roberta-base
05/08/2024 09:00:07 PM [INFO] tf2_model_name - roberta-base
05/08/2024 09:00:07 PM [INFO] use_pretrained_tf2 - 0
05/08/2024 09:00:07 PM [INFO] sentence_pooling - none
05/08/2024 09:00:07 PM [INFO] freeze_emb_layer - False
05/08/2024 09:00:07 PM [INFO] exp_count - 0
05/08/2024 09:00:07 PM [INFO] fp16 - 0
05/08/2024 09:00:07 PM [INFO] ------------------------------------------------------------
05/08/2024 09:00:07 PM [DEBUG] initiating training process...
05/08/2024 09:00:15 PM [DEBUG] ModelWrapper(
  (doc_encoder): HierarchicalModel(
    (tf1): RobertaModel(
      (embeddings): RobertaEmbeddings(
        (word_embeddings): Embedding(50265, 768, padding_idx=1)
        (position_embeddings): Embedding(514, 768, padding_idx=1)
        (token_type_embeddings): Embedding(1, 768)
        (LayerNorm): LayerNorm((768,), eps=1e-05, elementwise_affine=True)
        (dropout): Dropout(p=0.1, inplace=False)
      )
      (encoder): RobertaEncoder(
        (layer): ModuleList(
          (0): RobertaLayer(
            (attention): RobertaAttention(
              (self): RobertaSelfAttention(
                (query): Linear(in_features=768, out_features=768, bias=True)
                (key): Linear(in_features=768, out_features=768, bias=True)
                (value): Linear(in_features=768, out_features=768, bias=True)
                (dropout): Dropout(p=0.1, inplace=False)
              )
              (output): RobertaSelfOutput(
                (dense): Linear(in_features=768, out_features=768, bias=True)
                (LayerNorm): LayerNorm((768,), eps=1e-05, elementwise_affine=True)
                (dropout): Dropout(p=0.1, inplace=False)
              )
            )
            (intermediate): RobertaIntermediate(
              (dense): Linear(in_features=768, out_features=3072, bias=True)
            )
            (output): RobertaOutput(
              (dense): Linear(in_features=3072, out_features=768, bias=True)
              (LayerNorm): LayerNorm((768,), eps=1e-05, elementwise_affine=True)
              (dropout): Dropout(p=0.1, inplace=False)
            )
          )
          (1): RobertaLayer(
            (attention): RobertaAttention(
              (self): RobertaSelfAttention(
                (query): Linear(in_features=768, out_features=768, bias=True)
                (key): Linear(in_features=768, out_features=768, bias=True)
                (value): Linear(in_features=768, out_features=768, bias=True)
                (dropout): Dropout(p=0.1, inplace=False)
              )
              (output): RobertaSelfOutput(
                (dense): Linear(in_features=768, out_features=768, bias=True)
                (LayerNorm): LayerNorm((768,), eps=1e-05, elementwise_affine=True)
                (dropout): Dropout(p=0.1, inplace=False)
              )
            )
            (intermediate): RobertaIntermediate(
              (dense): Linear(in_features=768, out_features=3072, bias=True)
            )
            (output): RobertaOutput(
              (dense): Linear(in_features=3072, out_features=768, bias=True)
              (LayerNorm): LayerNorm((768,), eps=1e-05, elementwise_affine=True)
              (dropout): Dropout(p=0.1, inplace=False)
            )
          )
          (2): RobertaLayer(
            (attention): RobertaAttention(
              (self): RobertaSelfAttention(
                (query): Linear(in_features=768, out_features=768, bias=True)
                (key): Linear(in_features=768, out_features=768, bias=True)
                (value): Linear(in_features=768, out_features=768, bias=True)
                (dropout): Dropout(p=0.1, inplace=False)
              )
              (output): RobertaSelfOutput(
                (dense): Linear(in_features=768, out_features=768, bias=True)
                (LayerNorm): LayerNorm((768,), eps=1e-05, elementwise_affine=True)
                (dropout): Dropout(p=0.1, inplace=False)
              )
            )
            (intermediate): RobertaIntermediate(
              (dense): Linear(in_features=768, out_features=3072, bias=True)
            )
            (output): RobertaOutput(
              (dense): Linear(in_features=3072, out_features=768, bias=True)
              (LayerNorm): LayerNorm((768,), eps=1e-05, elementwise_affine=True)
              (dropout): Dropout(p=0.1, inplace=False)
            )
          )
          (3): RobertaLayer(
            (attention): RobertaAttention(
              (self): RobertaSelfAttention(
                (query): Linear(in_features=768, out_features=768, bias=True)
                (key): Linear(in_features=768, out_features=768, bias=True)
                (value): Linear(in_features=768, out_features=768, bias=True)
                (dropout): Dropout(p=0.1, inplace=False)
              )
              (output): RobertaSelfOutput(
                (dense): Linear(in_features=768, out_features=768, bias=True)
                (LayerNorm): LayerNorm((768,), eps=1e-05, elementwise_affine=True)
                (dropout): Dropout(p=0.1, inplace=False)
              )
            )
            (intermediate): RobertaIntermediate(
              (dense): Linear(in_features=768, out_features=3072, bias=True)
            )
            (output): RobertaOutput(
              (dense): Linear(in_features=3072, out_features=768, bias=True)
              (LayerNorm): LayerNorm((768,), eps=1e-05, elementwise_affine=True)
              (dropout): Dropout(p=0.1, inplace=False)
            )
          )
          (4): RobertaLayer(
            (attention): RobertaAttention(
              (self): RobertaSelfAttention(
                (query): Linear(in_features=768, out_features=768, bias=True)
                (key): Linear(in_features=768, out_features=768, bias=True)
                (value): Linear(in_features=768, out_features=768, bias=True)
                (dropout): Dropout(p=0.1, inplace=False)
              )
              (output): RobertaSelfOutput(
                (dense): Linear(in_features=768, out_features=768, bias=True)
                (LayerNorm): LayerNorm((768,), eps=1e-05, elementwise_affine=True)
                (dropout): Dropout(p=0.1, inplace=False)
              )
            )
            (intermediate): RobertaIntermediate(
              (dense): Linear(in_features=768, out_features=3072, bias=True)
            )
            (output): RobertaOutput(
              (dense): Linear(in_features=3072, out_features=768, bias=True)
              (LayerNorm): LayerNorm((768,), eps=1e-05, elementwise_affine=True)
              (dropout): Dropout(p=0.1, inplace=False)
            )
          )
          (5): RobertaLayer(
            (attention): RobertaAttention(
              (self): RobertaSelfAttention(
                (query): Linear(in_features=768, out_features=768, bias=True)
                (key): Linear(in_features=768, out_features=768, bias=True)
                (value): Linear(in_features=768, out_features=768, bias=True)
                (dropout): Dropout(p=0.1, inplace=False)
              )
              (output): RobertaSelfOutput(
                (dense): Linear(in_features=768, out_features=768, bias=True)
                (LayerNorm): LayerNorm((768,), eps=1e-05, elementwise_affine=True)
                (dropout): Dropout(p=0.1, inplace=False)
              )
            )
            (intermediate): RobertaIntermediate(
              (dense): Linear(in_features=768, out_features=3072, bias=True)
            )
            (output): RobertaOutput(
              (dense): Linear(in_features=3072, out_features=768, bias=True)
              (LayerNorm): LayerNorm((768,), eps=1e-05, elementwise_affine=True)
              (dropout): Dropout(p=0.1, inplace=False)
            )
          )
          (6): RobertaLayer(
            (attention): RobertaAttention(
              (self): RobertaSelfAttention(
                (query): Linear(in_features=768, out_features=768, bias=True)
                (key): Linear(in_features=768, out_features=768, bias=True)
                (value): Linear(in_features=768, out_features=768, bias=True)
                (dropout): Dropout(p=0.1, inplace=False)
              )
              (output): RobertaSelfOutput(
                (dense): Linear(in_features=768, out_features=768, bias=True)
                (LayerNorm): LayerNorm((768,), eps=1e-05, elementwise_affine=True)
                (dropout): Dropout(p=0.1, inplace=False)
              )
            )
            (intermediate): RobertaIntermediate(
              (dense): Linear(in_features=768, out_features=3072, bias=True)
            )
            (output): RobertaOutput(
              (dense): Linear(in_features=3072, out_features=768, bias=True)
              (LayerNorm): LayerNorm((768,), eps=1e-05, elementwise_affine=True)
              (dropout): Dropout(p=0.1, inplace=False)
            )
          )
          (7): RobertaLayer(
            (attention): RobertaAttention(
              (self): RobertaSelfAttention(
                (query): Linear(in_features=768, out_features=768, bias=True)
                (key): Linear(in_features=768, out_features=768, bias=True)
                (value): Linear(in_features=768, out_features=768, bias=True)
                (dropout): Dropout(p=0.1, inplace=False)
              )
              (output): RobertaSelfOutput(
                (dense): Linear(in_features=768, out_features=768, bias=True)
                (LayerNorm): LayerNorm((768,), eps=1e-05, elementwise_affine=True)
                (dropout): Dropout(p=0.1, inplace=False)
              )
            )
            (intermediate): RobertaIntermediate(
              (dense): Linear(in_features=768, out_features=3072, bias=True)
            )
            (output): RobertaOutput(
              (dense): Linear(in_features=3072, out_features=768, bias=True)
              (LayerNorm): LayerNorm((768,), eps=1e-05, elementwise_affine=True)
              (dropout): Dropout(p=0.1, inplace=False)
            )
          )
          (8): RobertaLayer(
            (attention): RobertaAttention(
              (self): RobertaSelfAttention(
                (query): Linear(in_features=768, out_features=768, bias=True)
                (key): Linear(in_features=768, out_features=768, bias=True)
                (value): Linear(in_features=768, out_features=768, bias=True)
                (dropout): Dropout(p=0.1, inplace=False)
              )
              (output): RobertaSelfOutput(
                (dense): Linear(in_features=768, out_features=768, bias=True)
                (LayerNorm): LayerNorm((768,), eps=1e-05, elementwise_affine=True)
                (dropout): Dropout(p=0.1, inplace=False)
              )
            )
            (intermediate): RobertaIntermediate(
              (dense): Linear(in_features=768, out_features=3072, bias=True)
            )
            (output): RobertaOutput(
              (dense): Linear(in_features=3072, out_features=768, bias=True)
              (LayerNorm): LayerNorm((768,), eps=1e-05, elementwise_affine=True)
              (dropout): Dropout(p=0.1, inplace=False)
            )
          )
          (9): RobertaLayer(
            (attention): RobertaAttention(
              (self): RobertaSelfAttention(
                (query): Linear(in_features=768, out_features=768, bias=True)
                (key): Linear(in_features=768, out_features=768, bias=True)
                (value): Linear(in_features=768, out_features=768, bias=True)
                (dropout): Dropout(p=0.1, inplace=False)
              )
              (output): RobertaSelfOutput(
                (dense): Linear(in_features=768, out_features=768, bias=True)
                (LayerNorm): LayerNorm((768,), eps=1e-05, elementwise_affine=True)
                (dropout): Dropout(p=0.1, inplace=False)
              )
            )
            (intermediate): RobertaIntermediate(
              (dense): Linear(in_features=768, out_features=3072, bias=True)
            )
            (output): RobertaOutput(
              (dense): Linear(in_features=3072, out_features=768, bias=True)
              (LayerNorm): LayerNorm((768,), eps=1e-05, elementwise_affine=True)
              (dropout): Dropout(p=0.1, inplace=False)
            )
          )
          (10): RobertaLayer(
            (attention): RobertaAttention(
              (self): RobertaSelfAttention(
                (query): Linear(in_features=768, out_features=768, bias=True)
                (key): Linear(in_features=768, out_features=768, bias=True)
                (value): Linear(in_features=768, out_features=768, bias=True)
                (dropout): Dropout(p=0.1, inplace=False)
              )
              (output): RobertaSelfOutput(
                (dense): Linear(in_features=768, out_features=768, bias=True)
                (LayerNorm): LayerNorm((768,), eps=1e-05, elementwise_affine=True)
                (dropout): Dropout(p=0.1, inplace=False)
              )
            )
            (intermediate): RobertaIntermediate(
              (dense): Linear(in_features=768, out_features=3072, bias=True)
            )
            (output): RobertaOutput(
              (dense): Linear(in_features=3072, out_features=768, bias=True)
              (LayerNorm): LayerNorm((768,), eps=1e-05, elementwise_affine=True)
              (dropout): Dropout(p=0.1, inplace=False)
            )
          )
          (11): RobertaLayer(
            (attention): RobertaAttention(
              (self): RobertaSelfAttention(
                (query): Linear(in_features=768, out_features=768, bias=True)
                (key): Linear(in_features=768, out_features=768, bias=True)
                (value): Linear(in_features=768, out_features=768, bias=True)
                (dropout): Dropout(p=0.1, inplace=False)
              )
              (output): RobertaSelfOutput(
                (dense): Linear(in_features=768, out_features=768, bias=True)
                (LayerNorm): LayerNorm((768,), eps=1e-05, elementwise_affine=True)
                (dropout): Dropout(p=0.1, inplace=False)
              )
            )
            (intermediate): RobertaIntermediate(
              (dense): Linear(in_features=768, out_features=3072, bias=True)
            )
            (output): RobertaOutput(
              (dense): Linear(in_features=3072, out_features=768, bias=True)
              (LayerNorm): LayerNorm((768,), eps=1e-05, elementwise_affine=True)
              (dropout): Dropout(p=0.1, inplace=False)
            )
          )
        )
      )
    )
    (tf2): RobertaModel(
      (embeddings): RobertaEmbeddings(
        (word_embeddings): Embedding(50265, 768, padding_idx=1)
        (position_embeddings): Embedding(514, 768, padding_idx=1)
        (token_type_embeddings): Embedding(1, 768)
        (LayerNorm): LayerNorm((768,), eps=1e-05, elementwise_affine=True)
        (dropout): Dropout(p=0.1, inplace=False)
      )
      (encoder): RobertaEncoder(
        (layer): ModuleList(
          (0): RobertaLayer(
            (attention): RobertaAttention(
              (self): RobertaSelfAttention(
                (query): Linear(in_features=768, out_features=768, bias=True)
                (key): Linear(in_features=768, out_features=768, bias=True)
                (value): Linear(in_features=768, out_features=768, bias=True)
                (dropout): Dropout(p=0.1, inplace=False)
              )
              (output): RobertaSelfOutput(
                (dense): Linear(in_features=768, out_features=768, bias=True)
                (LayerNorm): LayerNorm((768,), eps=1e-05, elementwise_affine=True)
                (dropout): Dropout(p=0.1, inplace=False)
              )
            )
            (intermediate): RobertaIntermediate(
              (dense): Linear(in_features=768, out_features=3072, bias=True)
            )
            (output): RobertaOutput(
              (dense): Linear(in_features=3072, out_features=768, bias=True)
              (LayerNorm): LayerNorm((768,), eps=1e-05, elementwise_affine=True)
              (dropout): Dropout(p=0.1, inplace=False)
            )
          )
          (1): RobertaLayer(
            (attention): RobertaAttention(
              (self): RobertaSelfAttention(
                (query): Linear(in_features=768, out_features=768, bias=True)
                (key): Linear(in_features=768, out_features=768, bias=True)
                (value): Linear(in_features=768, out_features=768, bias=True)
                (dropout): Dropout(p=0.1, inplace=False)
              )
              (output): RobertaSelfOutput(
                (dense): Linear(in_features=768, out_features=768, bias=True)
                (LayerNorm): LayerNorm((768,), eps=1e-05, elementwise_affine=True)
                (dropout): Dropout(p=0.1, inplace=False)
              )
            )
            (intermediate): RobertaIntermediate(
              (dense): Linear(in_features=768, out_features=3072, bias=True)
            )
            (output): RobertaOutput(
              (dense): Linear(in_features=3072, out_features=768, bias=True)
              (LayerNorm): LayerNorm((768,), eps=1e-05, elementwise_affine=True)
              (dropout): Dropout(p=0.1, inplace=False)
            )
          )
          (2): RobertaLayer(
            (attention): RobertaAttention(
              (self): RobertaSelfAttention(
                (query): Linear(in_features=768, out_features=768, bias=True)
                (key): Linear(in_features=768, out_features=768, bias=True)
                (value): Linear(in_features=768, out_features=768, bias=True)
                (dropout): Dropout(p=0.1, inplace=False)
              )
              (output): RobertaSelfOutput(
                (dense): Linear(in_features=768, out_features=768, bias=True)
                (LayerNorm): LayerNorm((768,), eps=1e-05, elementwise_affine=True)
                (dropout): Dropout(p=0.1, inplace=False)
              )
            )
            (intermediate): RobertaIntermediate(
              (dense): Linear(in_features=768, out_features=3072, bias=True)
            )
            (output): RobertaOutput(
              (dense): Linear(in_features=3072, out_features=768, bias=True)
              (LayerNorm): LayerNorm((768,), eps=1e-05, elementwise_affine=True)
              (dropout): Dropout(p=0.1, inplace=False)
            )
          )
          (3): RobertaLayer(
            (attention): RobertaAttention(
              (self): RobertaSelfAttention(
                (query): Linear(in_features=768, out_features=768, bias=True)
                (key): Linear(in_features=768, out_features=768, bias=True)
                (value): Linear(in_features=768, out_features=768, bias=True)
                (dropout): Dropout(p=0.1, inplace=False)
              )
              (output): RobertaSelfOutput(
                (dense): Linear(in_features=768, out_features=768, bias=True)
                (LayerNorm): LayerNorm((768,), eps=1e-05, elementwise_affine=True)
                (dropout): Dropout(p=0.1, inplace=False)
              )
            )
            (intermediate): RobertaIntermediate(
              (dense): Linear(in_features=768, out_features=3072, bias=True)
            )
            (output): RobertaOutput(
              (dense): Linear(in_features=3072, out_features=768, bias=True)
              (LayerNorm): LayerNorm((768,), eps=1e-05, elementwise_affine=True)
              (dropout): Dropout(p=0.1, inplace=False)
            )
          )
          (4): RobertaLayer(
            (attention): RobertaAttention(
              (self): RobertaSelfAttention(
                (query): Linear(in_features=768, out_features=768, bias=True)
                (key): Linear(in_features=768, out_features=768, bias=True)
                (value): Linear(in_features=768, out_features=768, bias=True)
                (dropout): Dropout(p=0.1, inplace=False)
              )
              (output): RobertaSelfOutput(
                (dense): Linear(in_features=768, out_features=768, bias=True)
                (LayerNorm): LayerNorm((768,), eps=1e-05, elementwise_affine=True)
                (dropout): Dropout(p=0.1, inplace=False)
              )
            )
            (intermediate): RobertaIntermediate(
              (dense): Linear(in_features=768, out_features=3072, bias=True)
            )
            (output): RobertaOutput(
              (dense): Linear(in_features=3072, out_features=768, bias=True)
              (LayerNorm): LayerNorm((768,), eps=1e-05, elementwise_affine=True)
              (dropout): Dropout(p=0.1, inplace=False)
            )
          )
          (5): RobertaLayer(
            (attention): RobertaAttention(
              (self): RobertaSelfAttention(
                (query): Linear(in_features=768, out_features=768, bias=True)
                (key): Linear(in_features=768, out_features=768, bias=True)
                (value): Linear(in_features=768, out_features=768, bias=True)
                (dropout): Dropout(p=0.1, inplace=False)
              )
              (output): RobertaSelfOutput(
                (dense): Linear(in_features=768, out_features=768, bias=True)
                (LayerNorm): LayerNorm((768,), eps=1e-05, elementwise_affine=True)
                (dropout): Dropout(p=0.1, inplace=False)
              )
            )
            (intermediate): RobertaIntermediate(
              (dense): Linear(in_features=768, out_features=3072, bias=True)
            )
            (output): RobertaOutput(
              (dense): Linear(in_features=3072, out_features=768, bias=True)
              (LayerNorm): LayerNorm((768,), eps=1e-05, elementwise_affine=True)
              (dropout): Dropout(p=0.1, inplace=False)
            )
          )
          (6): RobertaLayer(
            (attention): RobertaAttention(
              (self): RobertaSelfAttention(
                (query): Linear(in_features=768, out_features=768, bias=True)
                (key): Linear(in_features=768, out_features=768, bias=True)
                (value): Linear(in_features=768, out_features=768, bias=True)
                (dropout): Dropout(p=0.1, inplace=False)
              )
              (output): RobertaSelfOutput(
                (dense): Linear(in_features=768, out_features=768, bias=True)
                (LayerNorm): LayerNorm((768,), eps=1e-05, elementwise_affine=True)
                (dropout): Dropout(p=0.1, inplace=False)
              )
            )
            (intermediate): RobertaIntermediate(
              (dense): Linear(in_features=768, out_features=3072, bias=True)
            )
            (output): RobertaOutput(
              (dense): Linear(in_features=3072, out_features=768, bias=True)
              (LayerNorm): LayerNorm((768,), eps=1e-05, elementwise_affine=True)
              (dropout): Dropout(p=0.1, inplace=False)
            )
          )
          (7): RobertaLayer(
            (attention): RobertaAttention(
              (self): RobertaSelfAttention(
                (query): Linear(in_features=768, out_features=768, bias=True)
                (key): Linear(in_features=768, out_features=768, bias=True)
                (value): Linear(in_features=768, out_features=768, bias=True)
                (dropout): Dropout(p=0.1, inplace=False)
              )
              (output): RobertaSelfOutput(
                (dense): Linear(in_features=768, out_features=768, bias=True)
                (LayerNorm): LayerNorm((768,), eps=1e-05, elementwise_affine=True)
                (dropout): Dropout(p=0.1, inplace=False)
              )
            )
            (intermediate): RobertaIntermediate(
              (dense): Linear(in_features=768, out_features=3072, bias=True)
            )
            (output): RobertaOutput(
              (dense): Linear(in_features=3072, out_features=768, bias=True)
              (LayerNorm): LayerNorm((768,), eps=1e-05, elementwise_affine=True)
              (dropout): Dropout(p=0.1, inplace=False)
            )
          )
          (8): RobertaLayer(
            (attention): RobertaAttention(
              (self): RobertaSelfAttention(
                (query): Linear(in_features=768, out_features=768, bias=True)
                (key): Linear(in_features=768, out_features=768, bias=True)
                (value): Linear(in_features=768, out_features=768, bias=True)
                (dropout): Dropout(p=0.1, inplace=False)
              )
              (output): RobertaSelfOutput(
                (dense): Linear(in_features=768, out_features=768, bias=True)
                (LayerNorm): LayerNorm((768,), eps=1e-05, elementwise_affine=True)
                (dropout): Dropout(p=0.1, inplace=False)
              )
            )
            (intermediate): RobertaIntermediate(
              (dense): Linear(in_features=768, out_features=3072, bias=True)
            )
            (output): RobertaOutput(
              (dense): Linear(in_features=3072, out_features=768, bias=True)
              (LayerNorm): LayerNorm((768,), eps=1e-05, elementwise_affine=True)
              (dropout): Dropout(p=0.1, inplace=False)
            )
          )
          (9): RobertaLayer(
            (attention): RobertaAttention(
              (self): RobertaSelfAttention(
                (query): Linear(in_features=768, out_features=768, bias=True)
                (key): Linear(in_features=768, out_features=768, bias=True)
                (value): Linear(in_features=768, out_features=768, bias=True)
                (dropout): Dropout(p=0.1, inplace=False)
              )
              (output): RobertaSelfOutput(
                (dense): Linear(in_features=768, out_features=768, bias=True)
                (LayerNorm): LayerNorm((768,), eps=1e-05, elementwise_affine=True)
                (dropout): Dropout(p=0.1, inplace=False)
              )
            )
            (intermediate): RobertaIntermediate(
              (dense): Linear(in_features=768, out_features=3072, bias=True)
            )
            (output): RobertaOutput(
              (dense): Linear(in_features=3072, out_features=768, bias=True)
              (LayerNorm): LayerNorm((768,), eps=1e-05, elementwise_affine=True)
              (dropout): Dropout(p=0.1, inplace=False)
            )
          )
          (10): RobertaLayer(
            (attention): RobertaAttention(
              (self): RobertaSelfAttention(
                (query): Linear(in_features=768, out_features=768, bias=True)
                (key): Linear(in_features=768, out_features=768, bias=True)
                (value): Linear(in_features=768, out_features=768, bias=True)
                (dropout): Dropout(p=0.1, inplace=False)
              )
              (output): RobertaSelfOutput(
                (dense): Linear(in_features=768, out_features=768, bias=True)
                (LayerNorm): LayerNorm((768,), eps=1e-05, elementwise_affine=True)
                (dropout): Dropout(p=0.1, inplace=False)
              )
            )
            (intermediate): RobertaIntermediate(
              (dense): Linear(in_features=768, out_features=3072, bias=True)
            )
            (output): RobertaOutput(
              (dense): Linear(in_features=3072, out_features=768, bias=True)
              (LayerNorm): LayerNorm((768,), eps=1e-05, elementwise_affine=True)
              (dropout): Dropout(p=0.1, inplace=False)
            )
          )
          (11): RobertaLayer(
            (attention): RobertaAttention(
              (self): RobertaSelfAttention(
                (query): Linear(in_features=768, out_features=768, bias=True)
                (key): Linear(in_features=768, out_features=768, bias=True)
                (value): Linear(in_features=768, out_features=768, bias=True)
                (dropout): Dropout(p=0.1, inplace=False)
              )
              (output): RobertaSelfOutput(
                (dense): Linear(in_features=768, out_features=768, bias=True)
                (LayerNorm): LayerNorm((768,), eps=1e-05, elementwise_affine=True)
                (dropout): Dropout(p=0.1, inplace=False)
              )
            )
            (intermediate): RobertaIntermediate(
              (dense): Linear(in_features=768, out_features=3072, bias=True)
            )
            (output): RobertaOutput(
              (dense): Linear(in_features=3072, out_features=768, bias=True)
              (LayerNorm): LayerNorm((768,), eps=1e-05, elementwise_affine=True)
              (dropout): Dropout(p=0.1, inplace=False)
            )
          )
        )
      )
      (pooler): RobertaPooler(
        (dense): Linear(in_features=768, out_features=768, bias=True)
        (activation): Tanh()
      )
    )
  )
  (task_head): TexClassificationHead(
    (dense): Linear(in_features=768, out_features=768, bias=True)
    (dropout): Dropout(p=0.1, inplace=False)
    (out_proj): Linear(in_features=768, out_features=2, bias=True)
  )
  (train_metric): Accuracy()
  (val_metric): Accuracy()
  (test_metric): FBeta()
)
05/08/2024 09:00:15 PM [INFO] Model has 249292802 trainable parameters
05/08/2024 09:00:27 PM [DEBUG] about to start training loop...
05/08/2024 09:00:50 PM [INFO] epoch : 0 - average_val_loss : 0.458106, overall_val_acc : 0.812500
05/08/2024 09:02:56 PM [INFO] epoch : 0 - average_val_loss : 0.521345, overall_val_acc : 0.801250
05/08/2024 09:03:00 PM [INFO] epoch : 0 - average_train_loss : 0.509774, overall_train_acc : 0.797188
05/08/2024 09:05:03 PM [INFO] epoch : 1 - average_val_loss : 0.473474, overall_val_acc : 0.801250
05/08/2024 09:05:03 PM [INFO] epoch : 1 - average_train_loss : 0.513762, overall_train_acc : 0.800313
05/08/2024 09:07:08 PM [INFO] epoch : 2 - average_val_loss : 0.479098, overall_val_acc : 0.801250
05/08/2024 09:07:08 PM [INFO] epoch : 2 - average_train_loss : 0.510021, overall_train_acc : 0.800000
05/08/2024 09:09:13 PM [INFO] epoch : 3 - average_val_loss : 0.472582, overall_val_acc : 0.801250
05/08/2024 09:09:13 PM [INFO] epoch : 3 - average_train_loss : 0.531308, overall_train_acc : 0.800313
05/08/2024 09:11:18 PM [INFO] epoch : 4 - average_val_loss : 0.473537, overall_val_acc : 0.801250
05/08/2024 09:11:18 PM [INFO] epoch : 4 - average_train_loss : 0.505174, overall_train_acc : 0.800313
05/08/2024 09:13:24 PM [INFO] epoch : 5 - average_val_loss : 0.473227, overall_val_acc : 0.801250
05/08/2024 09:13:24 PM [INFO] epoch : 5 - average_train_loss : 0.499402, overall_train_acc : 0.800313
05/08/2024 09:15:26 PM [INFO] epoch : 6 - average_val_loss : 0.476310, overall_val_acc : 0.801250
05/08/2024 09:15:26 PM [INFO] epoch : 6 - average_train_loss : 0.523503, overall_train_acc : 0.800313
05/08/2024 09:17:30 PM [INFO] epoch : 7 - average_val_loss : 0.472792, overall_val_acc : 0.801250
05/08/2024 09:17:30 PM [INFO] epoch : 7 - average_train_loss : 0.547192, overall_train_acc : 0.793750
05/08/2024 09:19:32 PM [INFO] epoch : 8 - average_val_loss : 0.474075, overall_val_acc : 0.801250
05/08/2024 09:19:32 PM [INFO] epoch : 8 - average_train_loss : 0.515446, overall_train_acc : 0.800313
05/08/2024 09:21:35 PM [INFO] epoch : 9 - average_val_loss : 0.471737, overall_val_acc : 0.801250
05/08/2024 09:21:35 PM [INFO] epoch : 9 - average_train_loss : 0.527286, overall_train_acc : 0.800313
05/08/2024 09:21:36 PM [DEBUG] training done.
