05/09/2024 12:53:34 AM [INFO] featurizing the gcdc corpus: Clinton for task: sentence-ordering with model architecture: hierarchical
05/09/2024 12:53:36 AM [DEBUG] <<LOADING>> GCDC dataset from directory: /home2/anirudhkaushik/INLP-Project-Team-40/processed_data/GCDC
05/09/2024 12:53:36 AM [DEBUG] working on test dataset 
05/09/2024 12:53:36 AM [DEBUG] <Done>
05/09/2024 12:53:36 AM [DEBUG] ------------------------------------------------------------
05/09/2024 12:53:36 AM [INFO] single sentence doc count: 0, total doc count: 200, obtained permutation dataset count: 400
05/09/2024 12:53:36 AM [INFO] post-processing the dataset
05/09/2024 12:53:36 AM [INFO] data preprocessed: 400, sentences preprocessed: 800
05/09/2024 12:53:36 AM [INFO] featurizing the datasets..
05/09/2024 12:53:36 AM [DEBUG] 400 data instance processed. max sent_seq_length: 512
05/09/2024 12:53:36 AM [DEBUG] ------------------------------------------------------------
05/09/2024 12:53:36 AM [INFO] label distribution in test dataset (total count: 400)
05/09/2024 12:53:36 AM [INFO] {1: 200, -1: 200}
05/09/2024 12:53:36 AM [DEBUG] ------------------------------------------------------------
05/09/2024 12:53:37 AM [INFO] 
command line argument captured ..
05/09/2024 12:53:37 AM [INFO] ------------------------------------------------------------
05/09/2024 12:53:37 AM [INFO] processed_dataset_path - /home2/anirudhkaushik/INLP-Project-Team-40/processed_data
05/09/2024 12:53:37 AM [INFO] checkpoint_path - /ssd_scratch/cvit/anirudhkaushik/epoch=0.ckpt
05/09/2024 12:53:37 AM [INFO] gpus - 1
05/09/2024 12:53:37 AM [INFO] epochs - 10
05/09/2024 12:53:37 AM [INFO] batch_size - 2
05/09/2024 12:53:37 AM [INFO] learning_rate - 1e-06
05/09/2024 12:53:37 AM [INFO] clip_grad_norm - 0.0
05/09/2024 12:53:37 AM [INFO] weight_decay - 0.01
05/09/2024 12:53:37 AM [INFO] dropout_rate - 0.1
05/09/2024 12:53:37 AM [INFO] enable_scheduler - False
05/09/2024 12:53:37 AM [INFO] warmup_steps - 0.01
05/09/2024 12:53:37 AM [INFO] margin - 1.0
05/09/2024 12:53:37 AM [INFO] corpus - gcdc
05/09/2024 12:53:37 AM [INFO] sub_corpus - Clinton
05/09/2024 12:53:37 AM [INFO] max_seq_len - 512
05/09/2024 12:53:37 AM [INFO] max_fact_count - 50
05/09/2024 12:53:37 AM [INFO] max_fact_seq_len - 50
05/09/2024 12:53:37 AM [INFO] permutation_count - 2
05/09/2024 12:53:37 AM [INFO] with_replacement - 1
05/09/2024 12:53:37 AM [INFO] train_dataset_count - None
05/09/2024 12:53:37 AM [INFO] val_dataset_count - None
05/09/2024 12:53:37 AM [INFO] test_dataset_count - 400
05/09/2024 12:53:37 AM [INFO] inverse_pra - 0
05/09/2024 12:53:37 AM [INFO] task - sentence-ordering
05/09/2024 12:53:37 AM [INFO] enable_kldiv - False
05/09/2024 12:53:37 AM [INFO] label_smoothing - 0.1
05/09/2024 12:53:37 AM [INFO] inference - True
05/09/2024 12:53:37 AM [INFO] online_mode - 1
05/09/2024 12:53:37 AM [INFO] logger_exp_name - gcdc-Clinton-hierarchical-sentence-ordering-roberta-base
05/09/2024 12:53:37 AM [INFO] arch - hierarchical
05/09/2024 12:53:37 AM [INFO] disable_mtl - 0
05/09/2024 12:53:37 AM [INFO] mtl_base_arch - vanilla
05/09/2024 12:53:37 AM [INFO] model_name - roberta-base
05/09/2024 12:53:37 AM [INFO] tf2_model_name - roberta-base
05/09/2024 12:53:37 AM [INFO] use_pretrained_tf2 - 0
05/09/2024 12:53:37 AM [INFO] sentence_pooling - none
05/09/2024 12:53:37 AM [INFO] freeze_emb_layer - True
05/09/2024 12:53:37 AM [INFO] exp_count - 0
05/09/2024 12:53:37 AM [INFO] fp16 - 0
05/09/2024 12:53:37 AM [INFO] ------------------------------------------------------------
05/09/2024 12:53:37 AM [DEBUG] initiating inference process...
05/09/2024 12:53:45 AM [INFO] frozed embedding layer
05/09/2024 12:53:45 AM [DEBUG] loading the model from checkpoint : /ssd_scratch/cvit/anirudhkaushik/epoch=0.ckpt
05/09/2024 12:53:55 AM [INFO] frozed embedding layer
05/09/2024 12:53:55 AM [DEBUG] loaded model successfully !!!
05/09/2024 12:53:55 AM [INFO] testing on dataset : gcdc ( sub_dataset Clinton ) on task : sentence-ordering
05/09/2024 12:54:16 AM [INFO] epoch : 0 - average_test_loss : 1.113159, overall_test_acc : 0.980000
05/09/2024 12:54:16 AM [DEBUG] testing done !!!
