05/08/2024 10:22:34 PM [INFO] featurizing the gcdc corpus: all for task: minority-classification with model architecture: vanilla
05/08/2024 10:22:36 PM [DEBUG] <<LOADING>> GCDC dataset from directory: /home2/anirudhkaushik/INLP-Project-Team-40/processed_data/GCDC
05/08/2024 10:22:36 PM [DEBUG] working on train dataset 
05/08/2024 10:22:36 PM [DEBUG] <Done>
05/08/2024 10:22:36 PM [DEBUG] working on dev dataset 
05/08/2024 10:22:36 PM [DEBUG] <Done>
05/08/2024 10:22:36 PM [DEBUG] ------------------------------------------------------------
05/08/2024 10:22:36 PM [INFO] post-processing the dataset
05/08/2024 10:22:36 PM [INFO] data preprocessed: 3200, sentences preprocessed: 3200
05/08/2024 10:22:37 PM [INFO] featurizing the datasets..
05/08/2024 10:22:37 PM [DEBUG] 3200 data instance processed. max sent_seq_length: 512
05/08/2024 10:22:39 PM [INFO] post-processing the dataset
05/08/2024 10:22:39 PM [INFO] data preprocessed: 800, sentences preprocessed: 800
05/08/2024 10:22:40 PM [INFO] featurizing the datasets..
05/08/2024 10:22:40 PM [DEBUG] 800 data instance processed. max sent_seq_length: 512
05/08/2024 10:22:40 PM [DEBUG] ------------------------------------------------------------
05/08/2024 10:22:40 PM [INFO] label distribution in train dataset (total count: 3200)
05/08/2024 10:22:40 PM [INFO] {0: 2561, 1: 639}
05/08/2024 10:22:40 PM [INFO] label distribution in dev dataset (total count: 800)
05/08/2024 10:22:40 PM [INFO] {0: 641, 1: 159}
05/08/2024 10:22:40 PM [DEBUG] ------------------------------------------------------------
05/08/2024 10:22:40 PM [INFO] 
command line argument captured ..
05/08/2024 10:22:40 PM [INFO] ------------------------------------------------------------
05/08/2024 10:22:40 PM [INFO] processed_dataset_path - /home2/anirudhkaushik/INLP-Project-Team-40/processed_data
05/08/2024 10:22:40 PM [INFO] checkpoint_path - /ssd_scratch/cvit/anirudhkaushik/inlp_project_models/
05/08/2024 10:22:40 PM [INFO] gpus - 4
05/08/2024 10:22:40 PM [INFO] epochs - 10
05/08/2024 10:22:40 PM [INFO] batch_size - 2
05/08/2024 10:22:40 PM [INFO] learning_rate - 1e-06
05/08/2024 10:22:40 PM [INFO] clip_grad_norm - 0.0
05/08/2024 10:22:40 PM [INFO] weight_decay - 0.01
05/08/2024 10:22:40 PM [INFO] dropout_rate - 0.1
05/08/2024 10:22:40 PM [INFO] enable_scheduler - False
05/08/2024 10:22:40 PM [INFO] warmup_steps - 0.01
05/08/2024 10:22:40 PM [INFO] margin - 1.0
05/08/2024 10:22:40 PM [INFO] corpus - gcdc
05/08/2024 10:22:40 PM [INFO] sub_corpus - all
05/08/2024 10:22:40 PM [INFO] max_seq_len - 512
05/08/2024 10:22:40 PM [INFO] max_fact_count - 50
05/08/2024 10:22:40 PM [INFO] max_fact_seq_len - 50
05/08/2024 10:22:40 PM [INFO] permutation_count - 20
05/08/2024 10:22:40 PM [INFO] with_replacement - 1
05/08/2024 10:22:40 PM [INFO] train_dataset_count - 3200
05/08/2024 10:22:40 PM [INFO] val_dataset_count - 800
05/08/2024 10:22:40 PM [INFO] test_dataset_count - None
05/08/2024 10:22:40 PM [INFO] inverse_pra - 0
05/08/2024 10:22:40 PM [INFO] task - minority-classification
05/08/2024 10:22:40 PM [INFO] enable_kldiv - False
05/08/2024 10:22:40 PM [INFO] label_smoothing - 0.1
05/08/2024 10:22:40 PM [INFO] inference - False
05/08/2024 10:22:40 PM [INFO] online_mode - 1
05/08/2024 10:22:40 PM [INFO] logger_exp_name - gcdc-All-vanilla-minority-classification-roberta-base
05/08/2024 10:22:40 PM [INFO] arch - vanilla
05/08/2024 10:22:40 PM [INFO] disable_mtl - 0
05/08/2024 10:22:40 PM [INFO] mtl_base_arch - vanilla
05/08/2024 10:22:40 PM [INFO] model_name - roberta-base
05/08/2024 10:22:40 PM [INFO] tf2_model_name - roberta-base
05/08/2024 10:22:40 PM [INFO] use_pretrained_tf2 - 0
05/08/2024 10:22:40 PM [INFO] sentence_pooling - none
05/08/2024 10:22:40 PM [INFO] freeze_emb_layer - False
05/08/2024 10:22:40 PM [INFO] exp_count - 0
05/08/2024 10:22:40 PM [INFO] fp16 - 0
05/08/2024 10:22:40 PM [INFO] ------------------------------------------------------------
05/08/2024 10:22:40 PM [DEBUG] initiating training process...
05/08/2024 10:22:44 PM [DEBUG] ModelWrapper(
  (doc_encoder): TransformerModel(
    (tf2): RobertaModel(
      (embeddings): RobertaEmbeddings(
        (word_embeddings): Embedding(50265, 768, padding_idx=1)
        (position_embeddings): Embedding(514, 768, padding_idx=1)
        (token_type_embeddings): Embedding(1, 768)
        (LayerNorm): LayerNorm((768,), eps=1e-05, elementwise_affine=True)
        (dropout): Dropout(p=0.1, inplace=False)
      )
      (encoder): RobertaEncoder(
        (layer): ModuleList(
          (0): RobertaLayer(
            (attention): RobertaAttention(
              (self): RobertaSelfAttention(
                (query): Linear(in_features=768, out_features=768, bias=True)
                (key): Linear(in_features=768, out_features=768, bias=True)
                (value): Linear(in_features=768, out_features=768, bias=True)
                (dropout): Dropout(p=0.1, inplace=False)
              )
              (output): RobertaSelfOutput(
                (dense): Linear(in_features=768, out_features=768, bias=True)
                (LayerNorm): LayerNorm((768,), eps=1e-05, elementwise_affine=True)
                (dropout): Dropout(p=0.1, inplace=False)
              )
            )
            (intermediate): RobertaIntermediate(
              (dense): Linear(in_features=768, out_features=3072, bias=True)
            )
            (output): RobertaOutput(
              (dense): Linear(in_features=3072, out_features=768, bias=True)
              (LayerNorm): LayerNorm((768,), eps=1e-05, elementwise_affine=True)
              (dropout): Dropout(p=0.1, inplace=False)
            )
          )
          (1): RobertaLayer(
            (attention): RobertaAttention(
              (self): RobertaSelfAttention(
                (query): Linear(in_features=768, out_features=768, bias=True)
                (key): Linear(in_features=768, out_features=768, bias=True)
                (value): Linear(in_features=768, out_features=768, bias=True)
                (dropout): Dropout(p=0.1, inplace=False)
              )
              (output): RobertaSelfOutput(
                (dense): Linear(in_features=768, out_features=768, bias=True)
                (LayerNorm): LayerNorm((768,), eps=1e-05, elementwise_affine=True)
                (dropout): Dropout(p=0.1, inplace=False)
              )
            )
            (intermediate): RobertaIntermediate(
              (dense): Linear(in_features=768, out_features=3072, bias=True)
            )
            (output): RobertaOutput(
              (dense): Linear(in_features=3072, out_features=768, bias=True)
              (LayerNorm): LayerNorm((768,), eps=1e-05, elementwise_affine=True)
              (dropout): Dropout(p=0.1, inplace=False)
            )
          )
          (2): RobertaLayer(
            (attention): RobertaAttention(
              (self): RobertaSelfAttention(
                (query): Linear(in_features=768, out_features=768, bias=True)
                (key): Linear(in_features=768, out_features=768, bias=True)
                (value): Linear(in_features=768, out_features=768, bias=True)
                (dropout): Dropout(p=0.1, inplace=False)
              )
              (output): RobertaSelfOutput(
                (dense): Linear(in_features=768, out_features=768, bias=True)
                (LayerNorm): LayerNorm((768,), eps=1e-05, elementwise_affine=True)
                (dropout): Dropout(p=0.1, inplace=False)
              )
            )
            (intermediate): RobertaIntermediate(
              (dense): Linear(in_features=768, out_features=3072, bias=True)
            )
            (output): RobertaOutput(
              (dense): Linear(in_features=3072, out_features=768, bias=True)
              (LayerNorm): LayerNorm((768,), eps=1e-05, elementwise_affine=True)
              (dropout): Dropout(p=0.1, inplace=False)
            )
          )
          (3): RobertaLayer(
            (attention): RobertaAttention(
              (self): RobertaSelfAttention(
                (query): Linear(in_features=768, out_features=768, bias=True)
                (key): Linear(in_features=768, out_features=768, bias=True)
                (value): Linear(in_features=768, out_features=768, bias=True)
                (dropout): Dropout(p=0.1, inplace=False)
              )
              (output): RobertaSelfOutput(
                (dense): Linear(in_features=768, out_features=768, bias=True)
                (LayerNorm): LayerNorm((768,), eps=1e-05, elementwise_affine=True)
                (dropout): Dropout(p=0.1, inplace=False)
              )
            )
            (intermediate): RobertaIntermediate(
              (dense): Linear(in_features=768, out_features=3072, bias=True)
            )
            (output): RobertaOutput(
              (dense): Linear(in_features=3072, out_features=768, bias=True)
              (LayerNorm): LayerNorm((768,), eps=1e-05, elementwise_affine=True)
              (dropout): Dropout(p=0.1, inplace=False)
            )
          )
          (4): RobertaLayer(
            (attention): RobertaAttention(
              (self): RobertaSelfAttention(
                (query): Linear(in_features=768, out_features=768, bias=True)
                (key): Linear(in_features=768, out_features=768, bias=True)
                (value): Linear(in_features=768, out_features=768, bias=True)
                (dropout): Dropout(p=0.1, inplace=False)
              )
              (output): RobertaSelfOutput(
                (dense): Linear(in_features=768, out_features=768, bias=True)
                (LayerNorm): LayerNorm((768,), eps=1e-05, elementwise_affine=True)
                (dropout): Dropout(p=0.1, inplace=False)
              )
            )
            (intermediate): RobertaIntermediate(
              (dense): Linear(in_features=768, out_features=3072, bias=True)
            )
            (output): RobertaOutput(
              (dense): Linear(in_features=3072, out_features=768, bias=True)
              (LayerNorm): LayerNorm((768,), eps=1e-05, elementwise_affine=True)
              (dropout): Dropout(p=0.1, inplace=False)
            )
          )
          (5): RobertaLayer(
            (attention): RobertaAttention(
              (self): RobertaSelfAttention(
                (query): Linear(in_features=768, out_features=768, bias=True)
                (key): Linear(in_features=768, out_features=768, bias=True)
                (value): Linear(in_features=768, out_features=768, bias=True)
                (dropout): Dropout(p=0.1, inplace=False)
              )
              (output): RobertaSelfOutput(
                (dense): Linear(in_features=768, out_features=768, bias=True)
                (LayerNorm): LayerNorm((768,), eps=1e-05, elementwise_affine=True)
                (dropout): Dropout(p=0.1, inplace=False)
              )
            )
            (intermediate): RobertaIntermediate(
              (dense): Linear(in_features=768, out_features=3072, bias=True)
            )
            (output): RobertaOutput(
              (dense): Linear(in_features=3072, out_features=768, bias=True)
              (LayerNorm): LayerNorm((768,), eps=1e-05, elementwise_affine=True)
              (dropout): Dropout(p=0.1, inplace=False)
            )
          )
          (6): RobertaLayer(
            (attention): RobertaAttention(
              (self): RobertaSelfAttention(
                (query): Linear(in_features=768, out_features=768, bias=True)
                (key): Linear(in_features=768, out_features=768, bias=True)
                (value): Linear(in_features=768, out_features=768, bias=True)
                (dropout): Dropout(p=0.1, inplace=False)
              )
              (output): RobertaSelfOutput(
                (dense): Linear(in_features=768, out_features=768, bias=True)
                (LayerNorm): LayerNorm((768,), eps=1e-05, elementwise_affine=True)
                (dropout): Dropout(p=0.1, inplace=False)
              )
            )
            (intermediate): RobertaIntermediate(
              (dense): Linear(in_features=768, out_features=3072, bias=True)
            )
            (output): RobertaOutput(
              (dense): Linear(in_features=3072, out_features=768, bias=True)
              (LayerNorm): LayerNorm((768,), eps=1e-05, elementwise_affine=True)
              (dropout): Dropout(p=0.1, inplace=False)
            )
          )
          (7): RobertaLayer(
            (attention): RobertaAttention(
              (self): RobertaSelfAttention(
                (query): Linear(in_features=768, out_features=768, bias=True)
                (key): Linear(in_features=768, out_features=768, bias=True)
                (value): Linear(in_features=768, out_features=768, bias=True)
                (dropout): Dropout(p=0.1, inplace=False)
              )
              (output): RobertaSelfOutput(
                (dense): Linear(in_features=768, out_features=768, bias=True)
                (LayerNorm): LayerNorm((768,), eps=1e-05, elementwise_affine=True)
                (dropout): Dropout(p=0.1, inplace=False)
              )
            )
            (intermediate): RobertaIntermediate(
              (dense): Linear(in_features=768, out_features=3072, bias=True)
            )
            (output): RobertaOutput(
              (dense): Linear(in_features=3072, out_features=768, bias=True)
              (LayerNorm): LayerNorm((768,), eps=1e-05, elementwise_affine=True)
              (dropout): Dropout(p=0.1, inplace=False)
            )
          )
          (8): RobertaLayer(
            (attention): RobertaAttention(
              (self): RobertaSelfAttention(
                (query): Linear(in_features=768, out_features=768, bias=True)
                (key): Linear(in_features=768, out_features=768, bias=True)
                (value): Linear(in_features=768, out_features=768, bias=True)
                (dropout): Dropout(p=0.1, inplace=False)
              )
              (output): RobertaSelfOutput(
                (dense): Linear(in_features=768, out_features=768, bias=True)
                (LayerNorm): LayerNorm((768,), eps=1e-05, elementwise_affine=True)
                (dropout): Dropout(p=0.1, inplace=False)
              )
            )
            (intermediate): RobertaIntermediate(
              (dense): Linear(in_features=768, out_features=3072, bias=True)
            )
            (output): RobertaOutput(
              (dense): Linear(in_features=3072, out_features=768, bias=True)
              (LayerNorm): LayerNorm((768,), eps=1e-05, elementwise_affine=True)
              (dropout): Dropout(p=0.1, inplace=False)
            )
          )
          (9): RobertaLayer(
            (attention): RobertaAttention(
              (self): RobertaSelfAttention(
                (query): Linear(in_features=768, out_features=768, bias=True)
                (key): Linear(in_features=768, out_features=768, bias=True)
                (value): Linear(in_features=768, out_features=768, bias=True)
                (dropout): Dropout(p=0.1, inplace=False)
              )
              (output): RobertaSelfOutput(
                (dense): Linear(in_features=768, out_features=768, bias=True)
                (LayerNorm): LayerNorm((768,), eps=1e-05, elementwise_affine=True)
                (dropout): Dropout(p=0.1, inplace=False)
              )
            )
            (intermediate): RobertaIntermediate(
              (dense): Linear(in_features=768, out_features=3072, bias=True)
            )
            (output): RobertaOutput(
              (dense): Linear(in_features=3072, out_features=768, bias=True)
              (LayerNorm): LayerNorm((768,), eps=1e-05, elementwise_affine=True)
              (dropout): Dropout(p=0.1, inplace=False)
            )
          )
          (10): RobertaLayer(
            (attention): RobertaAttention(
              (self): RobertaSelfAttention(
                (query): Linear(in_features=768, out_features=768, bias=True)
                (key): Linear(in_features=768, out_features=768, bias=True)
                (value): Linear(in_features=768, out_features=768, bias=True)
                (dropout): Dropout(p=0.1, inplace=False)
              )
              (output): RobertaSelfOutput(
                (dense): Linear(in_features=768, out_features=768, bias=True)
                (LayerNorm): LayerNorm((768,), eps=1e-05, elementwise_affine=True)
                (dropout): Dropout(p=0.1, inplace=False)
              )
            )
            (intermediate): RobertaIntermediate(
              (dense): Linear(in_features=768, out_features=3072, bias=True)
            )
            (output): RobertaOutput(
              (dense): Linear(in_features=3072, out_features=768, bias=True)
              (LayerNorm): LayerNorm((768,), eps=1e-05, elementwise_affine=True)
              (dropout): Dropout(p=0.1, inplace=False)
            )
          )
          (11): RobertaLayer(
            (attention): RobertaAttention(
              (self): RobertaSelfAttention(
                (query): Linear(in_features=768, out_features=768, bias=True)
                (key): Linear(in_features=768, out_features=768, bias=True)
                (value): Linear(in_features=768, out_features=768, bias=True)
                (dropout): Dropout(p=0.1, inplace=False)
              )
              (output): RobertaSelfOutput(
                (dense): Linear(in_features=768, out_features=768, bias=True)
                (LayerNorm): LayerNorm((768,), eps=1e-05, elementwise_affine=True)
                (dropout): Dropout(p=0.1, inplace=False)
              )
            )
            (intermediate): RobertaIntermediate(
              (dense): Linear(in_features=768, out_features=3072, bias=True)
            )
            (output): RobertaOutput(
              (dense): Linear(in_features=3072, out_features=768, bias=True)
              (LayerNorm): LayerNorm((768,), eps=1e-05, elementwise_affine=True)
              (dropout): Dropout(p=0.1, inplace=False)
            )
          )
        )
      )
    )
  )
  (task_head): TexClassificationHead(
    (dense): Linear(in_features=768, out_features=768, bias=True)
    (dropout): Dropout(p=0.1, inplace=False)
    (out_proj): Linear(in_features=768, out_features=2, bias=True)
  )
  (train_metric): Accuracy()
  (val_metric): Accuracy()
  (test_metric): Accuracy()
)
05/08/2024 10:22:44 PM [INFO] Model has 124647170 trainable parameters
05/08/2024 10:23:05 PM [DEBUG] about to start training loop...
05/08/2024 10:23:27 PM [INFO] epoch : 0 - average_val_loss : 0.609861, overall_val_acc : 0.812500
05/08/2024 10:31:09 PM [INFO] epoch : 0 - average_val_loss : 0.425594, overall_val_acc : 0.801250
05/08/2024 10:31:13 PM [INFO] epoch : 0 - average_train_loss : 0.497653, overall_train_acc : 0.800313
