05/08/2024 07:16:36 PM [INFO] featurizing the gcdc corpus: Clinton for task: 3-way-classification with model architecture: hierarchical
05/08/2024 07:16:38 PM [DEBUG] <<LOADING>> GCDC dataset from directory: /home2/anirudhkaushik/INLP-Project-Team-40/processed_data/GCDC
05/08/2024 07:16:38 PM [DEBUG] working on test dataset 
05/08/2024 07:16:38 PM [DEBUG] <Done>
05/08/2024 07:16:38 PM [DEBUG] ------------------------------------------------------------
05/08/2024 07:16:38 PM [INFO] post-processing the dataset
05/08/2024 07:16:38 PM [INFO] data preprocessed: 200, sentences preprocessed: 200
05/08/2024 07:16:38 PM [INFO] featurizing the datasets..
05/08/2024 07:16:38 PM [DEBUG] 200 data instance processed. max sent_seq_length: 512
05/08/2024 07:16:38 PM [DEBUG] ------------------------------------------------------------
05/08/2024 07:16:38 PM [INFO] label distribution in test dataset (total count: 200)
05/08/2024 07:16:38 PM [INFO] {2: 111, 1: 38, 0: 51}
05/08/2024 07:16:38 PM [DEBUG] ------------------------------------------------------------
05/08/2024 07:16:38 PM [INFO] 
command line argument captured ..
05/08/2024 07:16:38 PM [INFO] ------------------------------------------------------------
05/08/2024 07:16:38 PM [INFO] processed_dataset_path - /home2/anirudhkaushik/INLP-Project-Team-40/processed_data
05/08/2024 07:16:38 PM [INFO] checkpoint_path - /ssd_scratch/cvit/anirudhkaushik/inlp_project_models/gcdc-All-hierarchical-3-way-classification-roberta-base/epoch=2.ckpt
05/08/2024 07:16:38 PM [INFO] gpus - 4
05/08/2024 07:16:38 PM [INFO] epochs - 10
05/08/2024 07:16:38 PM [INFO] batch_size - 2
05/08/2024 07:16:38 PM [INFO] learning_rate - 1e-06
05/08/2024 07:16:38 PM [INFO] clip_grad_norm - 0.0
05/08/2024 07:16:38 PM [INFO] weight_decay - 0.01
05/08/2024 07:16:38 PM [INFO] dropout_rate - 0.1
05/08/2024 07:16:38 PM [INFO] enable_scheduler - False
05/08/2024 07:16:38 PM [INFO] warmup_steps - 0.01
05/08/2024 07:16:38 PM [INFO] margin - 1.0
05/08/2024 07:16:38 PM [INFO] corpus - gcdc
05/08/2024 07:16:38 PM [INFO] sub_corpus - Clinton
05/08/2024 07:16:38 PM [INFO] max_seq_len - 512
05/08/2024 07:16:38 PM [INFO] max_fact_count - 50
05/08/2024 07:16:38 PM [INFO] max_fact_seq_len - 50
05/08/2024 07:16:38 PM [INFO] permutation_count - 20
05/08/2024 07:16:38 PM [INFO] with_replacement - 1
05/08/2024 07:16:38 PM [INFO] train_dataset_count - None
05/08/2024 07:16:38 PM [INFO] val_dataset_count - None
05/08/2024 07:16:38 PM [INFO] test_dataset_count - 200
05/08/2024 07:16:38 PM [INFO] inverse_pra - 0
05/08/2024 07:16:38 PM [INFO] task - 3-way-classification
05/08/2024 07:16:38 PM [INFO] enable_kldiv - False
05/08/2024 07:16:38 PM [INFO] label_smoothing - 0.1
05/08/2024 07:16:38 PM [INFO] inference - True
05/08/2024 07:16:38 PM [INFO] online_mode - 0
05/08/2024 07:16:38 PM [INFO] logger_exp_name - gcdc-Clinton-hierarchical-3-way-classification-roberta-base
05/08/2024 07:16:38 PM [INFO] arch - hierarchical
05/08/2024 07:16:38 PM [INFO] disable_mtl - 0
05/08/2024 07:16:38 PM [INFO] mtl_base_arch - vanilla
05/08/2024 07:16:38 PM [INFO] model_name - roberta-base
05/08/2024 07:16:38 PM [INFO] tf2_model_name - roberta-base
05/08/2024 07:16:38 PM [INFO] use_pretrained_tf2 - 0
05/08/2024 07:16:38 PM [INFO] sentence_pooling - none
05/08/2024 07:16:38 PM [INFO] freeze_emb_layer - True
05/08/2024 07:16:38 PM [INFO] exp_count - 0
05/08/2024 07:16:38 PM [INFO] fp16 - 0
05/08/2024 07:16:38 PM [INFO] ------------------------------------------------------------
05/08/2024 07:16:38 PM [DEBUG] initiating inference process...
05/08/2024 07:16:45 PM [INFO] frozed embedding layer
05/08/2024 07:16:45 PM [DEBUG] loading the model from checkpoint : /ssd_scratch/cvit/anirudhkaushik/inlp_project_models/gcdc-All-hierarchical-3-way-classification-roberta-base/epoch=2.ckpt
05/08/2024 07:16:54 PM [INFO] frozed embedding layer
05/08/2024 07:16:54 PM [DEBUG] loaded model successfully !!!
05/08/2024 07:16:54 PM [INFO] testing on dataset : gcdc ( sub_dataset Clinton ) on task : 3-way-classification
05/08/2024 07:17:39 PM [INFO] epoch : 0 - average_test_loss : 0.702703, overall_test_acc : 0.650000
05/08/2024 07:17:39 PM [DEBUG] testing done !!!
