05/08/2024 08:14:02 PM [INFO] featurizing the gcdc corpus: Yelp for task: 3-way-classification with model architecture: fact-aware
05/08/2024 08:14:05 PM [DEBUG] <<LOADING>> GCDC dataset from directory: /home2/anirudhkaushik/INLP-Project-Team-40/processed_data/GCDC
05/08/2024 08:14:05 PM [DEBUG] working on test dataset 
05/08/2024 08:14:05 PM [DEBUG] <Done>
05/08/2024 08:14:05 PM [DEBUG] ------------------------------------------------------------
05/08/2024 08:14:05 PM [DEBUG] <<INTEGRATING>> factual information to GCDC dataset
05/08/2024 08:14:05 PM [DEBUG] working on test dataset (count: 200)
05/08/2024 08:14:05 PM [DEBUG] 0 datapoints truncated (maximum seq length : 512)
05/08/2024 08:14:05 PM [DEBUG] 0 / 200 datapoints contains no facts
05/08/2024 08:14:05 PM [DEBUG] ------------------------------------------------------------
05/08/2024 08:14:05 PM [INFO] post-processing the dataset
05/08/2024 08:14:05 PM [INFO] data preprocessed: 200, sentences preprocessed: 200
05/08/2024 08:14:05 PM [INFO] fact preprocessed: 5761, max_fact_count_per_doc: 50
05/08/2024 08:14:05 PM [INFO] featurizing the datasets..
05/08/2024 08:14:05 PM [DEBUG] 200 data instance processed. max sent_seq_length: 512
05/08/2024 08:14:05 PM [DEBUG] max fact_seq_length: 50
05/08/2024 08:14:06 PM [DEBUG] ------------------------------------------------------------
05/08/2024 08:14:06 PM [INFO] label distribution in test dataset (total count: 200)
05/08/2024 08:14:06 PM [INFO] {0: 50, 2: 108, 1: 42}
05/08/2024 08:14:06 PM [DEBUG] ------------------------------------------------------------
05/08/2024 08:14:06 PM [INFO] 
command line argument captured ..
05/08/2024 08:14:06 PM [INFO] ------------------------------------------------------------
05/08/2024 08:14:06 PM [INFO] processed_dataset_path - /home2/anirudhkaushik/INLP-Project-Team-40/processed_data
05/08/2024 08:14:06 PM [INFO] checkpoint_path - /ssd_scratch/cvit/anirudhkaushik/inlp_project_models/gcdc-All-fact-aware-3-way-classification-roberta-base/epoch=6.ckpt
05/08/2024 08:14:06 PM [INFO] gpus - 1
05/08/2024 08:14:06 PM [INFO] epochs - 10
05/08/2024 08:14:06 PM [INFO] batch_size - 2
05/08/2024 08:14:06 PM [INFO] learning_rate - 1e-06
05/08/2024 08:14:06 PM [INFO] clip_grad_norm - 0.0
05/08/2024 08:14:06 PM [INFO] weight_decay - 0.01
05/08/2024 08:14:06 PM [INFO] dropout_rate - 0.1
05/08/2024 08:14:06 PM [INFO] enable_scheduler - False
05/08/2024 08:14:06 PM [INFO] warmup_steps - 0.01
05/08/2024 08:14:06 PM [INFO] margin - 1.0
05/08/2024 08:14:06 PM [INFO] corpus - gcdc
05/08/2024 08:14:06 PM [INFO] sub_corpus - Yelp
05/08/2024 08:14:06 PM [INFO] max_seq_len - 512
05/08/2024 08:14:06 PM [INFO] max_fact_count - 50
05/08/2024 08:14:06 PM [INFO] max_fact_seq_len - 50
05/08/2024 08:14:06 PM [INFO] permutation_count - 20
05/08/2024 08:14:06 PM [INFO] with_replacement - 1
05/08/2024 08:14:06 PM [INFO] train_dataset_count - None
05/08/2024 08:14:06 PM [INFO] val_dataset_count - None
05/08/2024 08:14:06 PM [INFO] test_dataset_count - 200
05/08/2024 08:14:06 PM [INFO] inverse_pra - 0
05/08/2024 08:14:06 PM [INFO] task - 3-way-classification
05/08/2024 08:14:06 PM [INFO] enable_kldiv - False
05/08/2024 08:14:06 PM [INFO] label_smoothing - 0.1
05/08/2024 08:14:06 PM [INFO] inference - True
05/08/2024 08:14:06 PM [INFO] online_mode - 0
05/08/2024 08:14:06 PM [INFO] logger_exp_name - gcdc-Yelp-fact-aware-3-way-classification-roberta-base
05/08/2024 08:14:06 PM [INFO] arch - fact-aware
05/08/2024 08:14:06 PM [INFO] disable_mtl - 0
05/08/2024 08:14:06 PM [INFO] mtl_base_arch - vanilla
05/08/2024 08:14:06 PM [INFO] model_name - roberta-base
05/08/2024 08:14:06 PM [INFO] tf2_model_name - roberta-base
05/08/2024 08:14:06 PM [INFO] use_pretrained_tf2 - 0
05/08/2024 08:14:06 PM [INFO] sentence_pooling - none
05/08/2024 08:14:06 PM [INFO] freeze_emb_layer - True
05/08/2024 08:14:06 PM [INFO] exp_count - 0
05/08/2024 08:14:06 PM [INFO] fp16 - 0
05/08/2024 08:14:06 PM [INFO] ------------------------------------------------------------
05/08/2024 08:14:06 PM [DEBUG] initiating inference process...
05/08/2024 08:14:12 PM [INFO] frozed embedding layer
05/08/2024 08:14:12 PM [DEBUG] loading the model from checkpoint : /ssd_scratch/cvit/anirudhkaushik/inlp_project_models/gcdc-All-fact-aware-3-way-classification-roberta-base/epoch=6.ckpt
05/08/2024 08:14:20 PM [INFO] frozed embedding layer
05/08/2024 08:14:20 PM [DEBUG] loaded model successfully !!!
05/08/2024 08:14:20 PM [INFO] testing on dataset : gcdc ( sub_dataset Yelp ) on task : 3-way-classification
05/08/2024 08:14:36 PM [INFO] epoch : 0 - average_test_loss : 1.161823, overall_test_acc : 0.585000
05/08/2024 08:14:36 PM [DEBUG] testing done !!!
